#
# A fatal error has been detected by the Java Runtime Environment:
#
#  SIGSEGV (0xb) at pc=0x00007f42a516f959, pid=26971, tid=139924196415232
#
# JRE version: Java(TM) SE Runtime Environment (8.0_72-b15) (build 1.8.0_72-b15)
# Java VM: Java HotSpot(TM) 64-Bit Server VM (25.72-b15 mixed mode linux-amd64 compressed oops)
# Problematic frame:
# C  [VBoxOGLpackspu.so+0x16959]
#
# Failed to write core dump. Core dumps have been disabled. To enable core dumping, try "ulimit -c unlimited" before starting Java again
#
# If you would like to submit a bug report, please visit:
#   http://bugreport.java.com/bugreport/crash.jsp
#

---------------  T H R E A D  ---------------

Current thread is native thread

siginfo: si_signo: 11 (SIGSEGV), si_code: 1 (SEGV_MAPERR), si_addr: 0x0000000000000090

Registers:
RAX=0x00007f429c008af0, RBX=0x0000000000000000, RCX=0x0000000000000000, RDX=0x0000000000000000
RSP=0x00007f42a405ce90, RBP=0x00007f42a405ced0, RSI=0x00007f42a405ce40, RDI=0x0000000000000000
R8 =0x00007f429c000800, R9 =0x0000000000000000, R10=0x00007f429c000078, R11=0x00007f429c008ae0
R12=0x00007f42b03c4820, R13=0x00007f42a5422298, R14=0x00007f42a5422278, R15=0x00007f42a5422120
RIP=0x00007f42a516f959, EFLAGS=0x0000000000010206, CSGSFS=0x0000000000000033, ERR=0x0000000000000004
  TRAPNO=0x000000000000000e

Top of Stack: (sp=0x00007f42a405ce90)
0x00007f42a405ce90:   0000000000000000 00007f42a545ed98
0x00007f42a405cea0:   00007f42a545eda0 00007f42b03c4820
0x00007f42a405ceb0:   00007f42b03c4820 0000000000000000
0x00007f42a405cec0:   00007f42a405d700 0000000000000004
0x00007f42a405ced0:   00007f42a405cef0 00007f42a54b7735
0x00007f42a405cee0:   00007f42b03c4820 00007f42b03c4820
0x00007f42a405cef0:   00007f42a405cf10 00007f42a54edffc
0x00007f42a405cf00:   00007f42b03c5100 00007f42b03c4820
0x00007f42a405cf10:   00007f42a405cf50 00007f42a54fad9d
0x00007f42a405cf20:   0000000000000000 0000000000000000
0x00007f42a405cf30:   0000000000000000 0000000000000000
0x00007f42a405cf40:   00007f42d9d060ef 00007f42a405d9c0
0x00007f42a405cf50:   0000000000000000 00007f42f50336aa
0x00007f42a405cf60:   0000000000000000 00007f42a405d700
0x00007f42a405cf70:   00007f42a405d700 7a6e2f6af9a0dd64
0x00007f42a405cf80:   0000000000000000 00007f42d9d060ef
0x00007f42a405cf90:   00007f42a405d9c0 0000000000000004
0x00007f42a405cfa0:   84eb67616760dd64 84ebc56c957add64
0x00007f42a405cfb0:   0000000000000000 0000000000000000
0x00007f42a405cfc0:   0000000000000000 0000000000000000
0x00007f42a405cfd0:   0000000000000000 0000000000000000
0x00007f42a405cfe0:   0000000000000000 0000000000000000
0x00007f42a405cff0:   00007f42a405d700 00007f42f494eeed
0x00007f42a405d000:   0000000000000000 0000000000000000
0x00007f42a405d010:   0000000000000000 0000000000000000
0x00007f42a405d020:   0000000000000000 0000000000000000
0x00007f42a405d030:   0000000000000000 0000000000000000
0x00007f42a405d040:   0000000000000000 0000000000000000
0x00007f42a405d050:   0000000000000000 0000000000000000
0x00007f42a405d060:   0000000000000000 0000000000000000
0x00007f42a405d070:   0000000000000000 0000000000000000
0x00007f42a405d080:   0000000000000000 0000000000000000 

Instructions: (pc=0x00007f42a516f959)
0x00007f42a516f939:   8b 7f 04 e8 57 c0 ff ff 48 85 c0 49 89 86 20 01
0x00007f42a516f949:   00 00 0f 84 e6 00 00 00 49 8b 7e 18 4d 8d 6e 20
0x00007f42a516f959:   8b 9f 90 00 00 00 44 8b a7 94 00 00 00 e8 0d b7
0x00007f42a516f969:   ff ff 4c 89 ef 48 89 c6 89 d9 44 89 e2 e8 cd ba 

Register to memory mapping:

RAX=0x00007f429c008af0 is an unknown value
RBX=0x0000000000000000 is an unknown value
RCX=0x0000000000000000 is an unknown value
RDX=0x0000000000000000 is an unknown value
RSP=0x00007f42a405ce90 is an unknown value
RBP=0x00007f42a405ced0 is an unknown value
RSI=0x00007f42a405ce40 is an unknown value
RDI=0x0000000000000000 is an unknown value
R8 =0x00007f429c000800 is an unknown value
R9 =0x0000000000000000 is an unknown value
R10=0x00007f429c000078 is an unknown value
R11=0x00007f429c008ae0 is an unknown value
R12=0x00007f42b03c4820 is an unknown value
R13=0x00007f42a5422298: <offset 0x2c9298> in /usr/lib/x86_64-linux-gnu/VBoxOGLpackspu.so at 0x00007f42a5159000
R14=0x00007f42a5422278: <offset 0x2c9278> in /usr/lib/x86_64-linux-gnu/VBoxOGLpackspu.so at 0x00007f42a5159000
R15=0x00007f42a5422120: <offset 0x2c9120> in /usr/lib/x86_64-linux-gnu/VBoxOGLpackspu.so at 0x00007f42a5159000


Stack: [0x00007f42a3fdd000,0x00007f42a405e000],  sp=0x00007f42a405ce90,  free space=511k
Native frames: (J=compiled Java code, j=interpreted, Vv=VM code, C=native code)
C  [VBoxOGLpackspu.so+0x16959]
C  [vboxvideo_dri.so+0x52735]
C  [vboxvideo_dri.so+0x88ffc]
C  [vboxvideo_dri.so+0x95d9d]


---------------  P R O C E S S  ---------------

VM state:not at safepoint (normal execution)

VM Mutex/Monitor currently owned by a thread: None

Heap:
 PSYoungGen      total 23552K, used 4559K [0x00000000e6180000, 0x00000000e7b80000, 0x0000000100000000)
  eden space 20480K, 22% used [0x00000000e6180000,0x00000000e65f3d90,0x00000000e7580000)
  from space 3072K, 0% used [0x00000000e7880000,0x00000000e7880000,0x00000000e7b80000)
  to   space 3072K, 0% used [0x00000000e7580000,0x00000000e7580000,0x00000000e7880000)
 ParOldGen       total 53248K, used 0K [0x00000000b2400000, 0x00000000b5800000, 0x00000000e6180000)
  object space 53248K, 0% used [0x00000000b2400000,0x00000000b2400000,0x00000000b5800000)
 Metaspace       used 4688K, capacity 5554K, committed 5760K, reserved 1056768K
  class space    used 532K, capacity 630K, committed 640K, reserved 1048576K

Card table byte_map: [0x00007f42f1e97000,0x00007f42f2106000] byte_map_base: 0x00007f42f1905000

Marking Bits: (ParMarkBitMap*) 0x00007f42f481d100
 Begin Bits: [0x00007f42da920000, 0x00007f42dbc90000)
 End Bits:   [0x00007f42dbc90000, 0x00007f42dd000000)

Polling page: 0x00007f42f546a000

CodeCache: size=245760Kb used=1696Kb max_used=1696Kb free=244063Kb
 bounds [0x00007f42dd000000, 0x00007f42dd270000, 0x00007f42ec000000]
 total_blobs=624 nmethods=329 adapters=209
 compilation: enabled

Compilation events (10 events):
Event: 2,645 Thread 0x00007f42ec0b9000  325  s    3       sun.misc.Resource::cachedInputStream (20 bytes)
Event: 2,646 Thread 0x00007f42ec0b9000 nmethod 325 0x00007f42dd1a6890 code [0x00007f42dd1a6a00, 0x00007f42dd1a6de8]
Event: 2,646 Thread 0x00007f42ec0b9000  326       3       java.security.CodeSource::getCertificates (98 bytes)
Event: 2,648 Thread 0x00007f42ec0b9000 nmethod 326 0x00007f42dd1a6e90 code [0x00007f42dd1a70c0, 0x00007f42dd1a7cb8]
Event: 2,648 Thread 0x00007f42ec0b9000  327       1       java.util.jar.Manifest::getEntries (5 bytes)
Event: 2,652 Thread 0x00007f42ec0b9000 nmethod 327 0x00007f42dd1a0e50 code [0x00007f42dd1a0fa0, 0x00007f42dd1a10b0]
Event: 2,652 Thread 0x00007f42ec0b9000  328       1       java.util.jar.Manifest::getMainAttributes (5 bytes)
Event: 2,653 Thread 0x00007f42ec0b9000 nmethod 328 0x00007f42dd1a80d0 code [0x00007f42dd1a8220, 0x00007f42dd1a8330]
Event: 2,653 Thread 0x00007f42ec0b9000  329       1       java.util.jar.JarFile::access$300 (5 bytes)
Event: 2,653 Thread 0x00007f42ec0b9000 nmethod 329 0x00007f42dd1a8390 code [0x00007f42dd1a84e0, 0x00007f42dd1a85d0]

GC Heap History (0 events):
No events

Deoptimization events (0 events):
No events

Internal exceptions (9 events):
Event: 0,094 Thread 0x00007f42ec00a800 Exception <a 'java/lang/NoSuchMethodError': Method sun.misc.Unsafe.defineClass(Ljava/lang/String;[BII)Ljava/lang/Class; name or signature does not match> (0x00000000e6187cc0) thrown at [/HUDSON/workspace/8-2-build-linux-amd64/jdk8u72/5732/hotspot/src/shar
Event: 0,094 Thread 0x00007f42ec00a800 Exception <a 'java/lang/NoSuchMethodError': Method sun.misc.Unsafe.prefetchRead(Ljava/lang/Object;J)V name or signature does not match> (0x00000000e6187fa8) thrown at [/HUDSON/workspace/8-2-build-linux-amd64/jdk8u72/5732/hotspot/src/share/vm/prims/jni.cpp
Event: 1,395 Thread 0x00007f42ec00a800 Exception <a 'java/lang/NoSuchFieldError': method resolution failed> (0x00000000e635bd28) thrown at [/HUDSON/workspace/8-2-build-linux-amd64/jdk8u72/5732/hotspot/src/share/vm/prims/methodHandles.cpp, line 1146]
Event: 1,416 Thread 0x00007f42ec00a800 Exception <a 'java/lang/NoSuchFieldError': method resolution failed> (0x00000000e63690a8) thrown at [/HUDSON/workspace/8-2-build-linux-amd64/jdk8u72/5732/hotspot/src/share/vm/prims/methodHandles.cpp, line 1146]
Event: 1,448 Thread 0x00007f42ec00a800 Exception <a 'java/security/PrivilegedActionException'> (0x00000000e63f48b8) thrown at [/HUDSON/workspace/8-2-build-linux-amd64/jdk8u72/5732/hotspot/src/share/vm/prims/jvm.cpp, line 1386]
Event: 1,448 Thread 0x00007f42ec00a800 Exception <a 'java/security/PrivilegedActionException'> (0x00000000e63f4ac8) thrown at [/HUDSON/workspace/8-2-build-linux-amd64/jdk8u72/5732/hotspot/src/share/vm/prims/jvm.cpp, line 1386]
Event: 1,449 Thread 0x00007f42ec00a800 Exception <a 'java/security/PrivilegedActionException'> (0x00000000e63f6f08) thrown at [/HUDSON/workspace/8-2-build-linux-amd64/jdk8u72/5732/hotspot/src/share/vm/prims/jvm.cpp, line 1386]
Event: 1,449 Thread 0x00007f42ec00a800 Exception <a 'java/security/PrivilegedActionException'> (0x00000000e63f7118) thrown at [/HUDSON/workspace/8-2-build-linux-amd64/jdk8u72/5732/hotspot/src/share/vm/prims/jvm.cpp, line 1386]
Event: 1,449 Thread 0x00007f42ec00a800 Exception <a 'java/lang/NullPointerException'> (0x00000000e63f76f0) thrown at [/HUDSON/workspace/8-2-build-linux-amd64/jdk8u72/5732/hotspot/src/share/vm/interpreter/linkResolver.cpp, line 1178]

Events (10 events):
Event: 2,633 loading class com/sun/prism/es2/X11GLContext
Event: 2,633 loading class com/sun/prism/es2/X11GLContext done
Event: 2,635 loading class com/sun/prism/es2/GLDrawable
Event: 2,635 loading class com/sun/prism/es2/GLDrawable done
Event: 2,645 loading class com/sun/prism/es2/X11GLDrawable
Event: 2,645 loading class com/sun/prism/es2/X11GLDrawable done
Event: 2,646 loading class com/sun/prism/es2/X11GLPixelFormat
Event: 2,646 loading class com/sun/prism/es2/X11GLPixelFormat done
Event: 2,647 loading class com/sun/prism/es2/GLGPUInfo
Event: 2,647 loading class com/sun/prism/es2/GLGPUInfo done


Dynamic libraries:
00400000-00401000 r-xp 00000000 08:01 1976561                            /usr/lib/jvm/java-8-oracle/bin/java
00600000-00601000 rw-p 00000000 08:01 1976561                            /usr/lib/jvm/java-8-oracle/bin/java
008be000-008df000 rw-p 00000000 00:00 0                                  [heap]
b2400000-b5800000 rw-p 00000000 00:00 0 
b5800000-e6180000 ---p 00000000 00:00 0 
e6180000-e7b80000 rw-p 00000000 00:00 0 
e7b80000-100000000 ---p 00000000 00:00 0 
100000000-1000a0000 rw-p 00000000 00:00 0 
1000a0000-140000000 ---p 00000000 00:00 0 
7f429b7ff000-7f429b800000 ---p 00000000 00:00 0 
7f429b800000-7f429c000000 rw-p 00000000 00:00 0                          [stack:27007]
7f429c000000-7f429c021000 rw-p 00000000 00:00 0 
7f429c021000-7f42a0000000 ---p 00000000 00:00 0 
7f42a038a000-7f42a03c1000 r-xp 00000000 08:01 1583846                    /usr/lib/x86_64-linux-gnu/libtxc_dxtn_s2tc.so.0.0.0
7f42a03c1000-7f42a05c0000 ---p 00037000 08:01 1583846                    /usr/lib/x86_64-linux-gnu/libtxc_dxtn_s2tc.so.0.0.0
7f42a05c0000-7f42a05c1000 r--p 00036000 08:01 1583846                    /usr/lib/x86_64-linux-gnu/libtxc_dxtn_s2tc.so.0.0.0
7f42a05c1000-7f42a05c2000 rw-p 00037000 08:01 1583846                    /usr/lib/x86_64-linux-gnu/libtxc_dxtn_s2tc.so.0.0.0
7f42a05d9000-7f42a05e7000 r-xp 00000000 08:01 528951                     /lib/x86_64-linux-gnu/libbsd.so.0.7.0
7f42a05e7000-7f42a07e6000 ---p 0000e000 08:01 528951                     /lib/x86_64-linux-gnu/libbsd.so.0.7.0
7f42a07e6000-7f42a07e7000 r--p 0000d000 08:01 528951                     /lib/x86_64-linux-gnu/libbsd.so.0.7.0
7f42a07e7000-7f42a07e8000 rw-p 0000e000 08:01 528951                     /lib/x86_64-linux-gnu/libbsd.so.0.7.0
7f42a07e8000-7f42a07e9000 rw-p 00000000 00:00 0 
7f42a07e9000-7f42a080e000 r-xp 00000000 08:01 529117                     /lib/x86_64-linux-gnu/libtinfo.so.5.9
7f42a080e000-7f42a0a0d000 ---p 00025000 08:01 529117                     /lib/x86_64-linux-gnu/libtinfo.so.5.9
7f42a0a0d000-7f42a0a11000 r--p 00024000 08:01 529117                     /lib/x86_64-linux-gnu/libtinfo.so.5.9
7f42a0a11000-7f42a0a12000 rw-p 00028000 08:01 529117                     /lib/x86_64-linux-gnu/libtinfo.so.5.9
7f42a0a12000-7f42a0a43000 r-xp 00000000 08:01 1583104                    /usr/lib/x86_64-linux-gnu/libedit.so.2.0.53
7f42a0a43000-7f42a0c43000 ---p 00031000 08:01 1583104                    /usr/lib/x86_64-linux-gnu/libedit.so.2.0.53
7f42a0c43000-7f42a0c45000 r--p 00031000 08:01 1583104                    /usr/lib/x86_64-linux-gnu/libedit.so.2.0.53
7f42a0c45000-7f42a0c46000 rw-p 00033000 08:01 1583104                    /usr/lib/x86_64-linux-gnu/libedit.so.2.0.53
7f42a0c46000-7f42a0c4a000 rw-p 00000000 00:00 0 
7f42a0c4a000-7f42a293d000 r-xp 00000000 08:01 1582695                    /usr/lib/x86_64-linux-gnu/libLLVM-3.6.so.1
7f42a293d000-7f42a293e000 ---p 01cf3000 08:01 1582695                    /usr/lib/x86_64-linux-gnu/libLLVM-3.6.so.1
7f42a293e000-7f42a2b53000 r--p 01cf3000 08:01 1582695                    /usr/lib/x86_64-linux-gnu/libLLVM-3.6.so.1
7f42a2b53000-7f42a2b59000 rw-p 01f08000 08:01 1582695                    /usr/lib/x86_64-linux-gnu/libLLVM-3.6.so.1
7f42a2b59000-7f42a2b6e000 rw-p 00000000 00:00 0 
7f42a2b6e000-7f42a2b83000 r-xp 00000000 08:01 1583105                    /usr/lib/x86_64-linux-gnu/libelf-0.163.so
7f42a2b83000-7f42a2d82000 ---p 00015000 08:01 1583105                    /usr/lib/x86_64-linux-gnu/libelf-0.163.so
7f42a2d82000-7f42a2d83000 r--p 00014000 08:01 1583105                    /usr/lib/x86_64-linux-gnu/libelf-0.163.so
7f42a2d83000-7f42a2d84000 rw-p 00015000 08:01 1583105                    /usr/lib/x86_64-linux-gnu/libelf-0.163.so
7f42a2d84000-7f42a2d8b000 r-xp 00000000 08:01 1583094                    /usr/lib/x86_64-linux-gnu/libdrm_amdgpu.so.1.0.0
7f42a2d8b000-7f42a2f8a000 ---p 00007000 08:01 1583094                    /usr/lib/x86_64-linux-gnu/libdrm_amdgpu.so.1.0.0
7f42a2f8a000-7f42a2f8b000 r--p 00006000 08:01 1583094                    /usr/lib/x86_64-linux-gnu/libdrm_amdgpu.so.1.0.0
7f42a2f8b000-7f42a2f8c000 rw-p 00007000 08:01 1583094                    /usr/lib/x86_64-linux-gnu/libdrm_amdgpu.so.1.0.0
7f42a2f8c000-7f42a2f97000 r-xp 00000000 08:01 1583100                    /usr/lib/x86_64-linux-gnu/libdrm_radeon.so.1.0.1
7f42a2f97000-7f42a3196000 ---p 0000b000 08:01 1583100                    /usr/lib/x86_64-linux-gnu/libdrm_radeon.so.1.0.1
7f42a3196000-7f42a3197000 r--p 0000a000 08:01 1583100                    /usr/lib/x86_64-linux-gnu/libdrm_radeon.so.1.0.1
7f42a3197000-7f42a3198000 rw-p 0000b000 08:01 1583100                    /usr/lib/x86_64-linux-gnu/libdrm_radeon.so.1.0.1
7f42a3198000-7f42a319e000 r-xp 00000000 08:01 1583098                    /usr/lib/x86_64-linux-gnu/libdrm_nouveau.so.2.0.0
7f42a319e000-7f42a339d000 ---p 00006000 08:01 1583098                    /usr/lib/x86_64-linux-gnu/libdrm_nouveau.so.2.0.0
7f42a339d000-7f42a339e000 r--p 00005000 08:01 1583098                    /usr/lib/x86_64-linux-gnu/libdrm_nouveau.so.2.0.0
7f42a339e000-7f42a339f000 rw-p 00006000 08:01 1583098                    /usr/lib/x86_64-linux-gnu/libdrm_nouveau.so.2.0.0
7f42a339f000-7f42a3b96000 r-xp 00000000 08:01 1837782                    /usr/lib/x86_64-linux-gnu/dri/swrast_dri.so
7f42a3b96000-7f42a3d96000 ---p 007f7000 08:01 1837782                    /usr/lib/x86_64-linux-gnu/dri/swrast_dri.so
7f42a3d96000-7f42a3dee000 r--p 007f7000 08:01 1837782                    /usr/lib/x86_64-linux-gnu/dri/swrast_dri.so
7f42a3dee000-7f42a3df7000 rw-p 0084f000 08:01 1837782                    /usr/lib/x86_64-linux-gnu/dri/swrast_dri.so
7f42a3df7000-7f42a3fdd000 rw-p 00000000 00:00 0 
7f42a3fdd000-7f42a3fde000 ---p 00000000 00:00 0 
7f42a3fde000-7f42a405e000 rw-p 00000000 00:00 0                          [stack:26992]
7f42a405e000-7f42a405f000 ---p 00000000 00:00 0 
7f42a405f000-7f42a485f000 rw-p 00000000 00:00 0                          [stack:27006]
7f42a485f000-7f42a4867000 r-xp 00000000 08:01 1310832                    /opt/VBoxGuestAdditions-5.0.14/lib/VBoxOGLpassthroughspu.so
7f42a4867000-7f42a4966000 ---p 00008000 08:01 1310832                    /opt/VBoxGuestAdditions-5.0.14/lib/VBoxOGLpassthroughspu.so
7f42a4966000-7f42a4968000 rw-p 00007000 08:01 1310832                    /opt/VBoxGuestAdditions-5.0.14/lib/VBoxOGLpassthroughspu.so
7f42a4968000-7f42a496a000 rw-p 00000000 00:00 0 
7f42a496a000-7f42a4a26000 r-xp 00000000 08:01 1310874                    /opt/VBoxGuestAdditions-5.0.14/lib/VBoxOGLfeedbackspu.so
7f42a4a26000-7f42a4b25000 ---p 000bc000 08:01 1310874                    /opt/VBoxGuestAdditions-5.0.14/lib/VBoxOGLfeedbackspu.so
7f42a4b25000-7f42a4b28000 rw-p 000bb000 08:01 1310874                    /opt/VBoxGuestAdditions-5.0.14/lib/VBoxOGLfeedbackspu.so
7f42a4b28000-7f42a5033000 rw-p 00000000 00:00 0 
7f42a5033000-7f42a5056000 r-xp 00000000 08:01 1310873                    /opt/VBoxGuestAdditions-5.0.14/lib/VBoxOGLerrorspu.so
7f42a5056000-7f42a5155000 ---p 00023000 08:01 1310873                    /opt/VBoxGuestAdditions-5.0.14/lib/VBoxOGLerrorspu.so
7f42a5155000-7f42a5159000 rw-p 00022000 08:01 1310873                    /opt/VBoxGuestAdditions-5.0.14/lib/VBoxOGLerrorspu.so
7f42a5159000-7f42a531b000 r-xp 00000000 08:01 1310834                    /opt/VBoxGuestAdditions-5.0.14/lib/VBoxOGLpackspu.so
7f42a531b000-7f42a541b000 ---p 001c2000 08:01 1310834                    /opt/VBoxGuestAdditions-5.0.14/lib/VBoxOGLpackspu.so
7f42a541b000-7f42a541d000 r--p 001c2000 08:01 1310834                    /opt/VBoxGuestAdditions-5.0.14/lib/VBoxOGLpackspu.so
7f42a541d000-7f42a5420000 rw-p 001c4000 08:01 1310834                    /opt/VBoxGuestAdditions-5.0.14/lib/VBoxOGLpackspu.so
7f42a5420000-7f42a5465000 rw-p 00000000 00:00 0 
7f42a5465000-7f42a5581000 r-xp 00000000 08:01 1310835                    /opt/VBoxGuestAdditions-5.0.14/lib/VBoxOGL.so
7f42a5581000-7f42a5680000 ---p 0011c000 08:01 1310835                    /opt/VBoxGuestAdditions-5.0.14/lib/VBoxOGL.so
7f42a5680000-7f42a5695000 r--p 0011b000 08:01 1310835                    /opt/VBoxGuestAdditions-5.0.14/lib/VBoxOGL.so
7f42a5695000-7f42a569d000 rw-p 00130000 08:01 1310835                    /opt/VBoxGuestAdditions-5.0.14/lib/VBoxOGL.so
7f42a569d000-7f42a56a5000 rw-p 00000000 00:00 0 
7f42a56a5000-7f42a56ab000 r-xp 00000000 08:01 1583049                    /usr/lib/x86_64-linux-gnu/libdatrie.so.1.3.2
7f42a56ab000-7f42a58aa000 ---p 00006000 08:01 1583049                    /usr/lib/x86_64-linux-gnu/libdatrie.so.1.3.2
7f42a58aa000-7f42a58ab000 r--p 00005000 08:01 1583049                    /usr/lib/x86_64-linux-gnu/libdatrie.so.1.3.2
7f42a58ab000-7f42a58ac000 rw-p 00006000 08:01 1583049                    /usr/lib/x86_64-linux-gnu/libdatrie.so.1.3.2
7f42a58ac000-7f42a58b1000 r-xp 00000000 08:01 1582832                    /usr/lib/x86_64-linux-gnu/libXdmcp.so.6.0.0
7f42a58b1000-7f42a5ab0000 ---p 00005000 08:01 1582832                    /usr/lib/x86_64-linux-gnu/libXdmcp.so.6.0.0
7f42a5ab0000-7f42a5ab1000 r--p 00004000 08:01 1582832                    /usr/lib/x86_64-linux-gnu/libXdmcp.so.6.0.0
7f42a5ab1000-7f42a5ab2000 rw-p 00005000 08:01 1582832                    /usr/lib/x86_64-linux-gnu/libXdmcp.so.6.0.0
7f42a5ab2000-7f42a5ab4000 r-xp 00000000 08:01 1582821                    /usr/lib/x86_64-linux-gnu/libXau.so.6.0.0
7f42a5ab4000-7f42a5cb4000 ---p 00002000 08:01 1582821                    /usr/lib/x86_64-linux-gnu/libXau.so.6.0.0
7f42a5cb4000-7f42a5cb5000 r--p 00002000 08:01 1582821                    /usr/lib/x86_64-linux-gnu/libXau.so.6.0.0
7f42a5cb5000-7f42a5cb6000 rw-p 00003000 08:01 1582821                    /usr/lib/x86_64-linux-gnu/libXau.so.6.0.0
7f42a5cb6000-7f42a5cd0000 r-xp 00000000 08:01 1583295                    /usr/lib/x86_64-linux-gnu/libgraphite2.so.3.0.1
7f42a5cd0000-7f42a5ecf000 ---p 0001a000 08:01 1583295                    /usr/lib/x86_64-linux-gnu/libgraphite2.so.3.0.1
7f42a5ecf000-7f42a5ed1000 r--p 00019000 08:01 1583295                    /usr/lib/x86_64-linux-gnu/libgraphite2.so.3.0.1
7f42a5ed1000-7f42a5ed2000 rw-p 0001b000 08:01 1583295                    /usr/lib/x86_64-linux-gnu/libgraphite2.so.3.0.1
7f42a5ed2000-7f42a5edf000 r-xp 00000000 08:01 1583092                    /usr/lib/x86_64-linux-gnu/libdrm.so.2.4.0
7f42a5edf000-7f42a60de000 ---p 0000d000 08:01 1583092                    /usr/lib/x86_64-linux-gnu/libdrm.so.2.4.0
7f42a60de000-7f42a60df000 r--p 0000c000 08:01 1583092                    /usr/lib/x86_64-linux-gnu/libdrm.so.2.4.0
7f42a60df000-7f42a60e0000 rw-p 0000d000 08:01 1583092                    /usr/lib/x86_64-linux-gnu/libdrm.so.2.4.0
7f42a60e0000-7f42a60e1000 r-xp 00000000 08:01 1584025                    /usr/lib/x86_64-linux-gnu/libxshmfence.so.1.0.0
7f42a60e1000-7f42a62e1000 ---p 00001000 08:01 1584025                    /usr/lib/x86_64-linux-gnu/libxshmfence.so.1.0.0
7f42a62e1000-7f42a62e2000 r--p 00001000 08:01 1584025                    /usr/lib/x86_64-linux-gnu/libxshmfence.so.1.0.0
7f42a62e2000-7f42a62e3000 rw-p 00002000 08:01 1584025                    /usr/lib/x86_64-linux-gnu/libxshmfence.so.1.0.0
7f42a62e3000-7f42a62e8000 r-xp 00000000 08:01 1584007                    /usr/lib/x86_64-linux-gnu/libxcb-sync.so.1.0.0
7f42a62e8000-7f42a64e8000 ---p 00005000 08:01 1584007                    /usr/lib/x86_64-linux-gnu/libxcb-sync.so.1.0.0
7f42a64e8000-7f42a64e9000 r--p 00005000 08:01 1584007                    /usr/lib/x86_64-linux-gnu/libxcb-sync.so.1.0.0
7f42a64e9000-7f42a64ea000 rw-p 00006000 08:01 1584007                    /usr/lib/x86_64-linux-gnu/libxcb-sync.so.1.0.0
7f42a64ea000-7f42a64ec000 r-xp 00000000 08:01 1583995                    /usr/lib/x86_64-linux-gnu/libxcb-present.so.0.0.0
7f42a64ec000-7f42a66eb000 ---p 00002000 08:01 1583995                    /usr/lib/x86_64-linux-gnu/libxcb-present.so.0.0.0
7f42a66eb000-7f42a66ec000 r--p 00001000 08:01 1583995                    /usr/lib/x86_64-linux-gnu/libxcb-present.so.0.0.0
7f42a66ec000-7f42a66ed000 rw-p 00002000 08:01 1583995                    /usr/lib/x86_64-linux-gnu/libxcb-present.so.0.0.0
7f42a66ed000-7f42a66ef000 r-xp 00000000 08:01 1583985                    /usr/lib/x86_64-linux-gnu/libxcb-dri3.so.0.0.0
7f42a66ef000-7f42a68ee000 ---p 00002000 08:01 1583985                    /usr/lib/x86_64-linux-gnu/libxcb-dri3.so.0.0.0
7f42a68ee000-7f42a68ef000 r--p 00001000 08:01 1583985                    /usr/lib/x86_64-linux-gnu/libxcb-dri3.so.0.0.0
7f42a68ef000-7f42a68f0000 rw-p 00002000 08:01 1583985                    /usr/lib/x86_64-linux-gnu/libxcb-dri3.so.0.0.0
7f42a68f0000-7f42a68f4000 r-xp 00000000 08:01 1583983                    /usr/lib/x86_64-linux-gnu/libxcb-dri2.so.0.0.0
7f42a68f4000-7f42a6af3000 ---p 00004000 08:01 1583983                    /usr/lib/x86_64-linux-gnu/libxcb-dri2.so.0.0.0
7f42a6af3000-7f42a6af4000 r--p 00003000 08:01 1583983                    /usr/lib/x86_64-linux-gnu/libxcb-dri2.so.0.0.0
7f42a6af4000-7f42a6af5000 rw-p 00004000 08:01 1583983                    /usr/lib/x86_64-linux-gnu/libxcb-dri2.so.0.0.0
7f42a6af5000-7f42a6b0c000 r-xp 00000000 08:01 1583987                    /usr/lib/x86_64-linux-gnu/libxcb-glx.so.0.0.0
7f42a6b0c000-7f42a6d0b000 ---p 00017000 08:01 1583987                    /usr/lib/x86_64-linux-gnu/libxcb-glx.so.0.0.0
7f42a6d0b000-7f42a6d0d000 r--p 00016000 08:01 1583987                    /usr/lib/x86_64-linux-gnu/libxcb-glx.so.0.0.0
7f42a6d0d000-7f42a6d0e000 rw-p 00018000 08:01 1583987                    /usr/lib/x86_64-linux-gnu/libxcb-glx.so.0.0.0
7f42a6d0e000-7f42a6d0f000 r-xp 00000000 08:01 1582815                    /usr/lib/x86_64-linux-gnu/libX11-xcb.so.1.0.0
7f42a6d0f000-7f42a6f0e000 ---p 00001000 08:01 1582815                    /usr/lib/x86_64-linux-gnu/libX11-xcb.so.1.0.0
7f42a6f0e000-7f42a6f0f000 r--p 00000000 08:01 1582815                    /usr/lib/x86_64-linux-gnu/libX11-xcb.so.1.0.0
7f42a6f0f000-7f42a6f10000 rw-p 00001000 08:01 1582815                    /usr/lib/x86_64-linux-gnu/libX11-xcb.so.1.0.0
7f42a6f10000-7f42a6f39000 r-xp 00000000 08:01 1583251                    /usr/lib/x86_64-linux-gnu/libglapi.so.0.0.0
7f42a6f39000-7f42a7138000 ---p 00029000 08:01 1583251                    /usr/lib/x86_64-linux-gnu/libglapi.so.0.0.0
7f42a7138000-7f42a713c000 r--p 00028000 08:01 1583251                    /usr/lib/x86_64-linux-gnu/libglapi.so.0.0.0
7f42a713c000-7f42a713d000 rw-p 0002c000 08:01 1583251                    /usr/lib/x86_64-linux-gnu/libglapi.so.0.0.0
7f42a713d000-7f42a713e000 rw-p 00000000 00:00 0 
7f42a713e000-7f42a71aa000 r-xp 00000000 08:01 529074                     /lib/x86_64-linux-gnu/libpcre.so.3.13.1
7f42a71aa000-7f42a73a9000 ---p 0006c000 08:01 529074                     /lib/x86_64-linux-gnu/libpcre.so.3.13.1
7f42a73a9000-7f42a73aa000 r--p 0006b000 08:01 529074                     /lib/x86_64-linux-gnu/libpcre.so.3.13.1
7f42a73aa000-7f42a73ab000 rw-p 0006c000 08:01 529074                     /lib/x86_64-linux-gnu/libpcre.so.3.13.1
7f42a73ab000-7f42a73b2000 r-xp 00000000 08:01 1583140                    /usr/lib/x86_64-linux-gnu/libffi.so.6.0.4
7f42a73b2000-7f42a75b1000 ---p 00007000 08:01 1583140                    /usr/lib/x86_64-linux-gnu/libffi.so.6.0.4
7f42a75b1000-7f42a75b2000 r--p 00006000 08:01 1583140                    /usr/lib/x86_64-linux-gnu/libffi.so.6.0.4
7f42a75b2000-7f42a75b3000 rw-p 00007000 08:01 1583140                    /usr/lib/x86_64-linux-gnu/libffi.so.6.0.4
7f42a75b3000-7f42a75d9000 r-xp 00000000 08:01 528981                     /lib/x86_64-linux-gnu/libexpat.so.1.6.0
7f42a75d9000-7f42a77d9000 ---p 00026000 08:01 528981                     /lib/x86_64-linux-gnu/libexpat.so.1.6.0
7f42a77d9000-7f42a77db000 r--p 00026000 08:01 528981                     /lib/x86_64-linux-gnu/libexpat.so.1.6.0
7f42a77db000-7f42a77dc000 rw-p 00028000 08:01 528981                     /lib/x86_64-linux-gnu/libexpat.so.1.6.0
7f42a77dc000-7f42a77e4000 r-xp 00000000 08:01 1583819                    /usr/lib/x86_64-linux-gnu/libthai.so.0.2.2
7f42a77e4000-7f42a79e3000 ---p 00008000 08:01 1583819                    /usr/lib/x86_64-linux-gnu/libthai.so.0.2.2
7f42a79e3000-7f42a79e4000 r--p 00007000 08:01 1583819                    /usr/lib/x86_64-linux-gnu/libthai.so.0.2.2
7f42a79e4000-7f42a79e5000 rw-p 00008000 08:01 1583819                    /usr/lib/x86_64-linux-gnu/libthai.so.0.2.2
7f42a79e5000-7f42a7a05000 r-xp 00000000 08:01 1584015                    /usr/lib/x86_64-linux-gnu/libxcb.so.1.1.0
7f42a7a05000-7f42a7c04000 ---p 00020000 08:01 1584015                    /usr/lib/x86_64-linux-gnu/libxcb.so.1.1.0
7f42a7c04000-7f42a7c05000 r--p 0001f000 08:01 1584015                    /usr/lib/x86_64-linux-gnu/libxcb.so.1.1.0
7f42a7c05000-7f42a7c06000 rw-p 00020000 08:01 1584015                    /usr/lib/x86_64-linux-gnu/libxcb.so.1.1.0
7f42a7c06000-7f42a7c0e000 r-xp 00000000 08:01 1584001                    /usr/lib/x86_64-linux-gnu/libxcb-render.so.0.0.0
7f42a7c0e000-7f42a7e0e000 ---p 00008000 08:01 1584001                    /usr/lib/x86_64-linux-gnu/libxcb-render.so.0.0.0
7f42a7e0e000-7f42a7e0f000 r--p 00008000 08:01 1584001                    /usr/lib/x86_64-linux-gnu/libxcb-render.so.0.0.0
7f42a7e0f000-7f42a7e10000 rw-p 00009000 08:01 1584001                    /usr/lib/x86_64-linux-gnu/libxcb-render.so.0.0.0
7f42a7e10000-7f42a7e12000 r-xp 00000000 08:01 1584005                    /usr/lib/x86_64-linux-gnu/libxcb-shm.so.0.0.0
7f42a7e12000-7f42a8012000 ---p 00002000 08:01 1584005                    /usr/lib/x86_64-linux-gnu/libxcb-shm.so.0.0.0
7f42a8012000-7f42a8013000 r--p 00002000 08:01 1584005                    /usr/lib/x86_64-linux-gnu/libxcb-shm.so.0.0.0
7f42a8013000-7f42a8014000 rw-p 00003000 08:01 1584005                    /usr/lib/x86_64-linux-gnu/libxcb-shm.so.0.0.0
7f42a8014000-7f42a8039000 r-xp 00000000 08:01 529086                     /lib/x86_64-linux-gnu/libpng12.so.0.51.0
7f42a8039000-7f42a8238000 ---p 00025000 08:01 529086                     /lib/x86_64-linux-gnu/libpng12.so.0.51.0
7f42a8238000-7f42a8239000 r--p 00024000 08:01 529086                     /lib/x86_64-linux-gnu/libpng12.so.0.51.0
7f42a8239000-7f42a823a000 rw-p 00025000 08:01 529086                     /lib/x86_64-linux-gnu/libpng12.so.0.51.0
7f42a823a000-7f42a82df000 r-xp 00000000 08:01 1583621                    /usr/lib/x86_64-linux-gnu/libpixman-1.so.0.32.6
7f42a82df000-7f42a84de000 ---p 000a5000 08:01 1583621                    /usr/lib/x86_64-linux-gnu/libpixman-1.so.0.32.6
7f42a84de000-7f42a84e6000 r--p 000a4000 08:01 1583621                    /usr/lib/x86_64-linux-gnu/libpixman-1.so.0.32.6
7f42a84e6000-7f42a84e7000 rw-p 000ac000 08:01 1583621                    /usr/lib/x86_64-linux-gnu/libpixman-1.so.0.32.6
7f42a84e7000-7f42a8543000 r-xp 00000000 08:01 1583375                    /usr/lib/x86_64-linux-gnu/libharfbuzz.so.0.10000.1
7f42a8543000-7f42a8743000 ---p 0005c000 08:01 1583375                    /usr/lib/x86_64-linux-gnu/libharfbuzz.so.0.10000.1
7f42a8743000-7f42a8744000 r--p 0005c000 08:01 1583375                    /usr/lib/x86_64-linux-gnu/libharfbuzz.so.0.10000.1
7f42a8744000-7f42a8745000 rw-p 0005d000 08:01 1583375                    /usr/lib/x86_64-linux-gnu/libharfbuzz.so.0.10000.1
7f42a8745000-7f42a875c000 r-xp 00000000 08:01 529097                     /lib/x86_64-linux-gnu/libresolv-2.21.so
7f42a875c000-7f42a895c000 ---p 00017000 08:01 529097                     /lib/x86_64-linux-gnu/libresolv-2.21.so
7f42a895c000-7f42a895e000 r--p 00017000 08:01 529097                     /lib/x86_64-linux-gnu/libresolv-2.21.so
7f42a895e000-7f42a895f000 rw-p 00019000 08:01 529097                     /lib/x86_64-linux-gnu/libresolv-2.21.so
7f42a895f000-7f42a8961000 rw-p 00000000 00:00 0 
7f42a8961000-7f42a8982000 r-xp 00000000 08:01 529103                     /lib/x86_64-linux-gnu/libselinux.so.1
7f42a8982000-7f42a8b81000 ---p 00021000 08:01 529103                     /lib/x86_64-linux-gnu/libselinux.so.1
7f42a8b81000-7f42a8b82000 r--p 00020000 08:01 529103                     /lib/x86_64-linux-gnu/libselinux.so.1
7f42a8b82000-7f42a8b83000 rw-p 00021000 08:01 529103                     /lib/x86_64-linux-gnu/libselinux.so.1
7f42a8b83000-7f42a8b85000 rw-p 00000000 00:00 0 
7f42a8b85000-7f42a8b9e000 r-xp 00000000 08:01 529134                     /lib/x86_64-linux-gnu/libz.so.1.2.8
7f42a8b9e000-7f42a8d9d000 ---p 00019000 08:01 529134                     /lib/x86_64-linux-gnu/libz.so.1.2.8
7f42a8d9d000-7f42a8d9e000 r--p 00018000 08:01 529134                     /lib/x86_64-linux-gnu/libz.so.1.2.8
7f42a8d9e000-7f42a8d9f000 rw-p 00019000 08:01 529134                     /lib/x86_64-linux-gnu/libz.so.1.2.8
7f42a8d9f000-7f42a8db0000 r-xp 00000000 08:01 1582834                    /usr/lib/x86_64-linux-gnu/libXext.so.6.4.0
7f42a8db0000-7f42a8faf000 ---p 00011000 08:01 1582834                    /usr/lib/x86_64-linux-gnu/libXext.so.6.4.0
7f42a8faf000-7f42a8fb0000 r--p 00010000 08:01 1582834                    /usr/lib/x86_64-linux-gnu/libXext.so.6.4.0
7f42a8fb0000-7f42a8fb1000 rw-p 00011000 08:01 1582834                    /usr/lib/x86_64-linux-gnu/libXext.so.6.4.0
7f42a8fb1000-7f42a8fb3000 r-xp 00000000 08:01 1582830                    /usr/lib/x86_64-linux-gnu/libXdamage.so.1.1.0
7f42a8fb3000-7f42a91b2000 ---p 00002000 08:01 1582830                    /usr/lib/x86_64-linux-gnu/libXdamage.so.1.1.0
7f42a91b2000-7f42a91b3000 r--p 00001000 08:01 1582830                    /usr/lib/x86_64-linux-gnu/libXdamage.so.1.1.0
7f42a91b3000-7f42a91b4000 rw-p 00002000 08:01 1582830                    /usr/lib/x86_64-linux-gnu/libXdamage.so.1.1.0
7f42a91b4000-7f42a91b6000 r-xp 00000000 08:01 1582826                    /usr/lib/x86_64-linux-gnu/libXcomposite.so.1.0.0
7f42a91b6000-7f42a93b5000 ---p 00002000 08:01 1582826                    /usr/lib/x86_64-linux-gnu/libXcomposite.so.1.0.0
7f42a93b5000-7f42a93b6000 r--p 00001000 08:01 1582826                    /usr/lib/x86_64-linux-gnu/libXcomposite.so.1.0.0
7f42a93b6000-7f42a93b7000 rw-p 00002000 08:01 1582826                    /usr/lib/x86_64-linux-gnu/libXcomposite.so.1.0.0
7f42a93b7000-7f42a93c0000 r-xp 00000000 08:01 1582828                    /usr/lib/x86_64-linux-gnu/libXcursor.so.1.0.2
7f42a93c0000-7f42a95bf000 ---p 00009000 08:01 1582828                    /usr/lib/x86_64-linux-gnu/libXcursor.so.1.0.2
7f42a95bf000-7f42a95c0000 r--p 00008000 08:01 1582828                    /usr/lib/x86_64-linux-gnu/libXcursor.so.1.0.2
7f42a95c0000-7f42a95c1000 rw-p 00009000 08:01 1582828                    /usr/lib/x86_64-linux-gnu/libXcursor.so.1.0.2
7f42a95c1000-7f42a95cb000 r-xp 00000000 08:01 1582852                    /usr/lib/x86_64-linux-gnu/libXrandr.so.2.2.0
7f42a95cb000-7f42a97ca000 ---p 0000a000 08:01 1582852                    /usr/lib/x86_64-linux-gnu/libXrandr.so.2.2.0
7f42a97ca000-7f42a97cb000 r--p 00009000 08:01 1582852                    /usr/lib/x86_64-linux-gnu/libXrandr.so.2.2.0
7f42a97cb000-7f42a97cc000 rw-p 0000a000 08:01 1582852                    /usr/lib/x86_64-linux-gnu/libXrandr.so.2.2.0
7f42a97cc000-7f42a97db000 r-xp 00000000 08:01 1582842                    /usr/lib/x86_64-linux-gnu/libXi.so.6.1.0
7f42a97db000-7f42a99da000 ---p 0000f000 08:01 1582842                    /usr/lib/x86_64-linux-gnu/libXi.so.6.1.0
7f42a99da000-7f42a99db000 r--p 0000e000 08:01 1582842                    /usr/lib/x86_64-linux-gnu/libXi.so.6.1.0
7f42a99db000-7f42a99dc000 rw-p 0000f000 08:01 1582842                    /usr/lib/x86_64-linux-gnu/libXi.so.6.1.0
7f42a99dc000-7f42a99de000 r-xp 00000000 08:01 1582844                    /usr/lib/x86_64-linux-gnu/libXinerama.so.1.0.0
7f42a99de000-7f42a9bdd000 ---p 00002000 08:01 1582844                    /usr/lib/x86_64-linux-gnu/libXinerama.so.1.0.0
7f42a9bdd000-7f42a9bde000 r--p 00001000 08:01 1582844                    /usr/lib/x86_64-linux-gnu/libXinerama.so.1.0.0
7f42a9bde000-7f42a9bdf000 rw-p 00002000 08:01 1582844                    /usr/lib/x86_64-linux-gnu/libXinerama.so.1.0.0
7f42a9bdf000-7f42a9be8000 r-xp 00000000 08:01 1582854                    /usr/lib/x86_64-linux-gnu/libXrender.so.1.3.0
7f42a9be8000-7f42a9de7000 ---p 00009000 08:01 1582854                    /usr/lib/x86_64-linux-gnu/libXrender.so.1.3.0
7f42a9de7000-7f42a9de8000 r--p 00008000 08:01 1582854                    /usr/lib/x86_64-linux-gnu/libXrender.so.1.3.0
7f42a9de8000-7f42a9de9000 rw-p 00009000 08:01 1582854                    /usr/lib/x86_64-linux-gnu/libXrender.so.1.3.0
7f42a9de9000-7f42a9dee000 r-xp 00000000 08:01 1582836                    /usr/lib/x86_64-linux-gnu/libXfixes.so.3.1.0
7f42a9dee000-7f42a9fed000 ---p 00005000 08:01 1582836                    /usr/lib/x86_64-linux-gnu/libXfixes.so.3.1.0
7f42a9fed000-7f42a9fee000 r--p 00004000 08:01 1582836                    /usr/lib/x86_64-linux-gnu/libXfixes.so.3.1.0
7f42a9fee000-7f42a9fef000 rw-p 00005000 08:01 1582836                    /usr/lib/x86_64-linux-gnu/libXfixes.so.3.1.0
7f42a9fef000-7f42aa005000 r-xp 00000000 08:01 528988                     /lib/x86_64-linux-gnu/libgcc_s.so.1
7f42aa005000-7f42aa204000 ---p 00016000 08:01 528988                     /lib/x86_64-linux-gnu/libgcc_s.so.1
7f42aa204000-7f42aa205000 r--p 00015000 08:01 528988                     /lib/x86_64-linux-gnu/libgcc_s.so.1
7f42aa205000-7f42aa206000 rw-p 00016000 08:01 528988                     /lib/x86_64-linux-gnu/libgcc_s.so.1
7f42aa206000-7f42aa379000 r-xp 00000000 08:01 1583797                    /usr/lib/x86_64-linux-gnu/libstdc++.so.6.0.21
7f42aa379000-7f42aa578000 ---p 00173000 08:01 1583797                    /usr/lib/x86_64-linux-gnu/libstdc++.so.6.0.21
7f42aa578000-7f42aa582000 r--p 00172000 08:01 1583797                    /usr/lib/x86_64-linux-gnu/libstdc++.so.6.0.21
7f42aa582000-7f42aa584000 rw-p 0017c000 08:01 1583797                    /usr/lib/x86_64-linux-gnu/libstdc++.so.6.0.21
7f42aa584000-7f42aa588000 rw-p 00000000 00:00 0 
7f42aa588000-7f42aa5a0000 r-xp 00000000 08:01 1838627                    /usr/lib/x86_64-linux-gnu/mesa/libGL.so.1.2.0
7f42aa5a0000-7f42aa5a5000 r-xp 00018000 08:01 1838627                    /usr/lib/x86_64-linux-gnu/mesa/libGL.so.1.2.0
7f42aa5a5000-7f42aa5a7000 r-xp 0001d000 08:01 1838627                    /usr/lib/x86_64-linux-gnu/mesa/libGL.so.1.2.0
7f42aa5a7000-7f42aa5a8000 r-xp 0001f000 08:01 1838627                    /usr/lib/x86_64-linux-gnu/mesa/libGL.so.1.2.0
7f42aa5a8000-7f42aa61c000 r-xp 00020000 08:01 1838627                    /usr/lib/x86_64-linux-gnu/mesa/libGL.so.1.2.0
7f42aa61c000-7f42aa81b000 ---p 00094000 08:01 1838627                    /usr/lib/x86_64-linux-gnu/mesa/libGL.so.1.2.0
7f42aa81b000-7f42aa81e000 r--p 00093000 08:01 1838627                    /usr/lib/x86_64-linux-gnu/mesa/libGL.so.1.2.0
7f42aa81e000-7f42aa81f000 rw-p 00096000 08:01 1838627                    /usr/lib/x86_64-linux-gnu/mesa/libGL.so.1.2.0
7f42aa81f000-7f42aa820000 rw-p 00000000 00:00 0 
7f42aa820000-7f42aa825000 r-xp 00000000 08:01 1582870                    /usr/lib/x86_64-linux-gnu/libXxf86vm.so.1.0.0
7f42aa825000-7f42aaa24000 ---p 00005000 08:01 1582870                    /usr/lib/x86_64-linux-gnu/libXxf86vm.so.1.0.0
7f42aaa24000-7f42aaa25000 r--p 00004000 08:01 1582870                    /usr/lib/x86_64-linux-gnu/libXxf86vm.so.1.0.0
7f42aaa25000-7f42aaa26000 rw-p 00005000 08:01 1582870                    /usr/lib/x86_64-linux-gnu/libXxf86vm.so.1.0.0
7f42aaa26000-7f42aab5b000 r-xp 00000000 08:01 1582817                    /usr/lib/x86_64-linux-gnu/libX11.so.6.3.0
7f42aab5b000-7f42aad5b000 ---p 00135000 08:01 1582817                    /usr/lib/x86_64-linux-gnu/libX11.so.6.3.0
7f42aad5b000-7f42aad5c000 r--p 00135000 08:01 1582817                    /usr/lib/x86_64-linux-gnu/libX11.so.6.3.0
7f42aad5c000-7f42aad60000 rw-p 00136000 08:01 1582817                    /usr/lib/x86_64-linux-gnu/libX11.so.6.3.0
7f42aad60000-7f42aad65000 r-xp 00000000 08:01 1582860                    /usr/lib/x86_64-linux-gnu/libXtst.so.6.1.0
7f42aad65000-7f42aaf64000 ---p 00005000 08:01 1582860                    /usr/lib/x86_64-linux-gnu/libXtst.so.6.1.0
7f42aaf64000-7f42aaf65000 r--p 00004000 08:01 1582860                    /usr/lib/x86_64-linux-gnu/libXtst.so.6.1.0
7f42aaf65000-7f42aaf66000 rw-p 00005000 08:01 1582860                    /usr/lib/x86_64-linux-gnu/libXtst.so.6.1.0
7f42aaf66000-7f42ab073000 r-xp 00000000 08:01 528992                     /lib/x86_64-linux-gnu/libglib-2.0.so.0.4600.1
7f42ab073000-7f42ab272000 ---p 0010d000 08:01 528992                     /lib/x86_64-linux-gnu/libglib-2.0.so.0.4600.1
7f42ab272000-7f42ab273000 r--p 0010c000 08:01 528992                     /lib/x86_64-linux-gnu/libglib-2.0.so.0.4600.1
7f42ab273000-7f42ab274000 rw-p 0010d000 08:01 528992                     /lib/x86_64-linux-gnu/libglib-2.0.so.0.4600.1
7f42ab274000-7f42ab275000 rw-p 00000000 00:00 0 
7f42ab275000-7f42ab276000 r-xp 00000000 08:01 1583346                    /usr/lib/x86_64-linux-gnu/libgthread-2.0.so.0.4600.1
7f42ab276000-7f42ab475000 ---p 00001000 08:01 1583346                    /usr/lib/x86_64-linux-gnu/libgthread-2.0.so.0.4600.1
7f42ab475000-7f42ab476000 r--p 00000000 08:01 1583346                    /usr/lib/x86_64-linux-gnu/libgthread-2.0.so.0.4600.1
7f42ab476000-7f42ab477000 rw-p 00001000 08:01 1583346                    /usr/lib/x86_64-linux-gnu/libgthread-2.0.so.0.4600.1
7f42ab477000-7f42ab47a000 r-xp 00000000 08:01 1583259                    /usr/lib/x86_64-linux-gnu/libgmodule-2.0.so.0.4600.1
7f42ab47a000-7f42ab679000 ---p 00003000 08:01 1583259                    /usr/lib/x86_64-linux-gnu/libgmodule-2.0.so.0.4600.1
7f42ab679000-7f42ab67a000 r--p 00002000 08:01 1583259                    /usr/lib/x86_64-linux-gnu/libgmodule-2.0.so.0.4600.1
7f42ab67a000-7f42ab67b000 rw-p 00003000 08:01 1583259                    /usr/lib/x86_64-linux-gnu/libgmodule-2.0.so.0.4600.1
7f42ab67b000-7f42ab6cd000 r-xp 00000000 08:01 1583275                    /usr/lib/x86_64-linux-gnu/libgobject-2.0.so.0.4600.1
7f42ab6cd000-7f42ab8cc000 ---p 00052000 08:01 1583275                    /usr/lib/x86_64-linux-gnu/libgobject-2.0.so.0.4600.1
7f42ab8cc000-7f42ab8cd000 r--p 00051000 08:01 1583275                    /usr/lib/x86_64-linux-gnu/libgobject-2.0.so.0.4600.1
7f42ab8cd000-7f42ab8ce000 rw-p 00052000 08:01 1583275                    /usr/lib/x86_64-linux-gnu/libgobject-2.0.so.0.4600.1
7f42ab8ce000-7f42ab90a000 r-xp 00000000 08:01 1583154                    /usr/lib/x86_64-linux-gnu/libfontconfig.so.1.8.0
7f42ab90a000-7f42abb09000 ---p 0003c000 08:01 1583154                    /usr/lib/x86_64-linux-gnu/libfontconfig.so.1.8.0
7f42abb09000-7f42abb0b000 r--p 0003b000 08:01 1583154                    /usr/lib/x86_64-linux-gnu/libfontconfig.so.1.8.0
7f42abb0b000-7f42abb0c000 rw-p 0003d000 08:01 1583154                    /usr/lib/x86_64-linux-gnu/libfontconfig.so.1.8.0
7f42abb0c000-7f42abbac000 r-xp 00000000 08:01 1583186                    /usr/lib/x86_64-linux-gnu/libfreetype.so.6.11.1
7f42abbac000-7f42abdab000 ---p 000a0000 08:01 1583186                    /usr/lib/x86_64-linux-gnu/libfreetype.so.6.11.1
7f42abdab000-7f42abdb1000 r--p 0009f000 08:01 1583186                    /usr/lib/x86_64-linux-gnu/libfreetype.so.6.11.1
7f42abdb1000-7f42abdb2000 rw-p 000a5000 08:01 1583186                    /usr/lib/x86_64-linux-gnu/libfreetype.so.6.11.1
7f42abdb2000-7f42abdfd000 r-xp 00000000 08:01 1583594                    /usr/lib/x86_64-linux-gnu/libpango-1.0.so.0.3600.8
7f42abdfd000-7f42abffd000 ---p 0004b000 08:01 1583594                    /usr/lib/x86_64-linux-gnu/libpango-1.0.so.0.3600.8
7f42abffd000-7f42abfff000 r--p 0004b000 08:01 1583594                    /usr/lib/x86_64-linux-gnu/libpango-1.0.so.0.3600.8
7f42abfff000-7f42ac000000 rw-p 0004d000 08:01 1583594                    /usr/lib/x86_64-linux-gnu/libpango-1.0.so.0.3600.8
7f42ac000000-7f42ac021000 rw-p 00000000 00:00 0 
7f42ac021000-7f42b0000000 ---p 00000000 00:00 0 
7f42b0000000-7f42b0406000 rw-p 00000000 00:00 0 
7f42b0406000-7f42b4000000 ---p 00000000 00:00 0 
7f42b4000000-7f42b4189000 rw-p 00000000 00:00 0 
7f42b4189000-7f42b8000000 ---p 00000000 00:00 0 
7f42b8000000-7f42b8021000 rw-p 00000000 00:00 0 
7f42b8021000-7f42bc000000 ---p 00000000 00:00 0 
7f42bc000000-7f42bc021000 rw-p 00000000 00:00 0 
7f42bc021000-7f42c0000000 ---p 00000000 00:00 0 
7f42c0000000-7f42c01d4000 rw-p 00000000 00:00 0 
7f42c01d4000-7f42c4000000 ---p 00000000 00:00 0 
7f42c4000000-7f42c4021000 rw-p 00000000 00:00 0 
7f42c4021000-7f42c8000000 ---p 00000000 00:00 0 
7f42c8000000-7f42c8021000 rw-p 00000000 00:00 0 
7f42c8021000-7f42cc000000 ---p 00000000 00:00 0 
7f42cc000000-7f42cc021000 rw-p 00000000 00:00 0 
7f42cc021000-7f42d0000000 ---p 00000000 00:00 0 
7f42d0000000-7f42d0021000 rw-p 00000000 00:00 0 
7f42d0021000-7f42d4000000 ---p 00000000 00:00 0 
7f42d4000000-7f42d4021000 rw-p 00000000 00:00 0 
7f42d4021000-7f42d8000000 ---p 00000000 00:00 0 
7f42d8004000-7f42d80c6000 r-xp 00000000 08:01 1310833                    /opt/VBoxGuestAdditions-5.0.14/lib/VBoxOGLcrutil.so
7f42d80c6000-7f42d81c5000 ---p 000c2000 08:01 1310833                    /opt/VBoxGuestAdditions-5.0.14/lib/VBoxOGLcrutil.so
7f42d81c5000-7f42d81d5000 r--p 000c1000 08:01 1310833                    /opt/VBoxGuestAdditions-5.0.14/lib/VBoxOGLcrutil.so
7f42d81d5000-7f42d81d9000 rw-p 000d1000 08:01 1310833                    /opt/VBoxGuestAdditions-5.0.14/lib/VBoxOGLcrutil.so
7f42d81d9000-7f42d81de000 rw-p 00000000 00:00 0 
7f42d81de000-7f42d81fb000 r-xp 00000000 08:01 529119                     /lib/x86_64-linux-gnu/libudev.so.1.6.4
7f42d81fb000-7f42d81fc000 r--p 0001c000 08:01 529119                     /lib/x86_64-linux-gnu/libudev.so.1.6.4
7f42d81fc000-7f42d81fd000 rw-p 0001d000 08:01 529119                     /lib/x86_64-linux-gnu/libudev.so.1.6.4
7f42d81fd000-7f42d830b000 r-xp 00000000 08:01 1582966                    /usr/lib/x86_64-linux-gnu/libcairo.so.2.11400.2
7f42d830b000-7f42d850a000 ---p 0010e000 08:01 1582966                    /usr/lib/x86_64-linux-gnu/libcairo.so.2.11400.2
7f42d850a000-7f42d850d000 r--p 0010d000 08:01 1582966                    /usr/lib/x86_64-linux-gnu/libcairo.so.2.11400.2
7f42d850d000-7f42d850e000 rw-p 00110000 08:01 1582966                    /usr/lib/x86_64-linux-gnu/libcairo.so.2.11400.2
7f42d850e000-7f42d8510000 rw-p 00000000 00:00 0 
7f42d8510000-7f42d851c000 r-xp 00000000 08:01 1583596                    /usr/lib/x86_64-linux-gnu/libpangocairo-1.0.so.0.3600.8
7f42d851c000-7f42d871b000 ---p 0000c000 08:01 1583596                    /usr/lib/x86_64-linux-gnu/libpangocairo-1.0.so.0.3600.8
7f42d871b000-7f42d871c000 r--p 0000b000 08:01 1583596                    /usr/lib/x86_64-linux-gnu/libpangocairo-1.0.so.0.3600.8
7f42d871c000-7f42d871d000 rw-p 0000c000 08:01 1583596                    /usr/lib/x86_64-linux-gnu/libpangocairo-1.0.so.0.3600.8
7f42d871d000-7f42d873e000 r-xp 00000000 08:01 1583221                    /usr/lib/x86_64-linux-gnu/libgdk_pixbuf-2.0.so.0.3200.1
7f42d873e000-7f42d893d000 ---p 00021000 08:01 1583221                    /usr/lib/x86_64-linux-gnu/libgdk_pixbuf-2.0.so.0.3200.1
7f42d893d000-7f42d893e000 r--p 00020000 08:01 1583221                    /usr/lib/x86_64-linux-gnu/libgdk_pixbuf-2.0.so.0.3200.1
7f42d893e000-7f42d893f000 rw-p 00021000 08:01 1583221                    /usr/lib/x86_64-linux-gnu/libgdk_pixbuf-2.0.so.0.3200.1
7f42d893f000-7f42d8953000 r-xp 00000000 08:01 1583598                    /usr/lib/x86_64-linux-gnu/libpangoft2-1.0.so.0.3600.8
7f42d8953000-7f42d8b53000 ---p 00014000 08:01 1583598                    /usr/lib/x86_64-linux-gnu/libpangoft2-1.0.so.0.3600.8
7f42d8b53000-7f42d8b54000 r--p 00014000 08:01 1583598                    /usr/lib/x86_64-linux-gnu/libpangoft2-1.0.so.0.3600.8
7f42d8b54000-7f42d8b55000 rw-p 00015000 08:01 1583598                    /usr/lib/x86_64-linux-gnu/libpangoft2-1.0.so.0.3600.8
7f42d8b55000-7f42d8ccf000 r-xp 00000000 08:01 1583245                    /usr/lib/x86_64-linux-gnu/libgio-2.0.so.0.4600.1
7f42d8ccf000-7f42d8ece000 ---p 0017a000 08:01 1583245                    /usr/lib/x86_64-linux-gnu/libgio-2.0.so.0.4600.1
7f42d8ece000-7f42d8ed2000 r--p 00179000 08:01 1583245                    /usr/lib/x86_64-linux-gnu/libgio-2.0.so.0.4600.1
7f42d8ed2000-7f42d8ed4000 rw-p 0017d000 08:01 1583245                    /usr/lib/x86_64-linux-gnu/libgio-2.0.so.0.4600.1
7f42d8ed4000-7f42d8ed6000 rw-p 00000000 00:00 0 
7f42d8ed6000-7f42d8ef8000 r-xp 00000000 08:01 1582911                    /usr/lib/x86_64-linux-gnu/libatk-1.0.so.0.21609.1
7f42d8ef8000-7f42d90f7000 ---p 00022000 08:01 1582911                    /usr/lib/x86_64-linux-gnu/libatk-1.0.so.0.21609.1
7f42d90f7000-7f42d90fa000 r--p 00021000 08:01 1582911                    /usr/lib/x86_64-linux-gnu/libatk-1.0.so.0.21609.1
7f42d90fa000-7f42d90fb000 rw-p 00024000 08:01 1582911                    /usr/lib/x86_64-linux-gnu/libatk-1.0.so.0.21609.1
7f42d90fb000-7f42d91ab000 r-xp 00000000 08:01 1583219                    /usr/lib/x86_64-linux-gnu/libgdk-x11-2.0.so.0.2400.28
7f42d91ab000-7f42d93aa000 ---p 000b0000 08:01 1583219                    /usr/lib/x86_64-linux-gnu/libgdk-x11-2.0.so.0.2400.28
7f42d93aa000-7f42d93ae000 r--p 000af000 08:01 1583219                    /usr/lib/x86_64-linux-gnu/libgdk-x11-2.0.so.0.2400.28
7f42d93ae000-7f42d93b0000 rw-p 000b3000 08:01 1583219                    /usr/lib/x86_64-linux-gnu/libgdk-x11-2.0.so.0.2400.28
7f42d93b0000-7f42d97ee000 r-xp 00000000 08:01 1583350                    /usr/lib/x86_64-linux-gnu/libgtk-x11-2.0.so.0.2400.28
7f42d97ee000-7f42d99ee000 ---p 0043e000 08:01 1583350                    /usr/lib/x86_64-linux-gnu/libgtk-x11-2.0.so.0.2400.28
7f42d99ee000-7f42d99f5000 r--p 0043e000 08:01 1583350                    /usr/lib/x86_64-linux-gnu/libgtk-x11-2.0.so.0.2400.28
7f42d99f5000-7f42d99f9000 rw-p 00445000 08:01 1583350                    /usr/lib/x86_64-linux-gnu/libgtk-x11-2.0.so.0.2400.28
7f42d99f9000-7f42d99fc000 rw-p 00000000 00:00 0 
7f42d99fc000-7f42d9a08000 r-xp 00000000 08:01 1976463                    /usr/lib/jvm/java-8-oracle/jre/lib/amd64/libprism_es2.so
7f42d9a08000-7f42d9c07000 ---p 0000c000 08:01 1976463                    /usr/lib/jvm/java-8-oracle/jre/lib/amd64/libprism_es2.so
7f42d9c07000-7f42d9c08000 rw-p 0000b000 08:01 1976463                    /usr/lib/jvm/java-8-oracle/jre/lib/amd64/libprism_es2.so
7f42d9c08000-7f42d9c0b000 ---p 00000000 00:00 0 
7f42d9c0b000-7f42d9d09000 rw-p 00000000 00:00 0                          [stack:26988]
7f42d9d09000-7f42d9d0a000 ---p 00000000 00:00 0 
7f42d9d0a000-7f42d9e0a000 rw-p 00000000 00:00 0                          [stack:26987]
7f42d9e0a000-7f42d9e0d000 ---p 00000000 00:00 0 
7f42d9e0d000-7f42d9f0b000 rw-p 00000000 00:00 0                          [stack:26986]
7f42d9f0b000-7f42d9f0e000 ---p 00000000 00:00 0 
7f42d9f0e000-7f42da00c000 rw-p 00000000 00:00 0                          [stack:26985]
7f42da00c000-7f42da00f000 ---p 00000000 00:00 0 
7f42da00f000-7f42da10d000 rw-p 00000000 00:00 0                          [stack:26984]
7f42da10d000-7f42da920000 r--p 00000000 08:01 1581203                    /usr/lib/locale/locale-archive
7f42da920000-7f42dd000000 rw-p 00000000 00:00 0 
7f42dd000000-7f42dd270000 rwxp 00000000 00:00 0 
7f42dd270000-7f42ec000000 ---p 00000000 00:00 0 
7f42ec000000-7f42ec3cc000 rw-p 00000000 00:00 0 
7f42ec3cc000-7f42f0000000 ---p 00000000 00:00 0 
7f42f0002000-7f42f0027000 r--p 00000000 08:01 2110899                    /usr/share/locale-langpack/pl/LC_MESSAGES/libc.mo
7f42f0027000-7f42f00bd000 r--s 01102000 08:01 1976494                    /usr/lib/jvm/java-8-oracle/jre/lib/ext/jfxrt.jar
7f42f00bd000-7f42f00c0000 ---p 00000000 00:00 0 
7f42f00c0000-7f42f01be000 rw-p 00000000 00:00 0                          [stack:26983]
7f42f01be000-7f42f01c1000 ---p 00000000 00:00 0 
7f42f01c1000-7f42f02bf000 rw-p 00000000 00:00 0                          [stack:26982]
7f42f02bf000-7f42f02c2000 ---p 00000000 00:00 0 
7f42f02c2000-7f42f03c0000 rw-p 00000000 00:00 0                          [stack:26981]
7f42f03c0000-7f42f03c1000 ---p 00000000 00:00 0 
7f42f03c1000-7f42f0e3a000 rw-p 00000000 00:00 0                          [stack:26980]
7f42f0e3a000-7f42f1012000 r--s 03d1d000 08:01 1843557                    /usr/lib/jvm/java-8-oracle/jre/lib/rt.jar
7f42f1012000-7f42f1588000 rw-p 00000000 00:00 0 
7f42f1588000-7f42f1888000 ---p 00000000 00:00 0 
7f42f1888000-7f42f1af6000 rw-p 00000000 00:00 0 
7f42f1af6000-7f42f1af7000 ---p 00000000 00:00 0 
7f42f1af7000-7f42f1bf7000 rw-p 00000000 00:00 0                          [stack:26979]
7f42f1bf7000-7f42f1bf8000 ---p 00000000 00:00 0 
7f42f1bf8000-7f42f1d12000 rw-p 00000000 00:00 0                          [stack:26978]
7f42f1d12000-7f42f1e97000 ---p 00000000 00:00 0 
7f42f1e97000-7f42f1eb1000 rw-p 00000000 00:00 0 
7f42f1eb1000-7f42f2035000 ---p 00000000 00:00 0 
7f42f2035000-7f42f2043000 rw-p 00000000 00:00 0 
7f42f2043000-7f42f2105000 ---p 00000000 00:00 0 
7f42f2105000-7f42f2110000 rw-p 00000000 00:00 0 
7f42f2110000-7f42f24c6000 ---p 00000000 00:00 0 
7f42f24c6000-7f42f24e0000 r-xp 00000000 08:01 1976441                    /usr/lib/jvm/java-8-oracle/jre/lib/amd64/libzip.so
7f42f24e0000-7f42f26e0000 ---p 0001a000 08:01 1976441                    /usr/lib/jvm/java-8-oracle/jre/lib/amd64/libzip.so
7f42f26e0000-7f42f26e1000 rw-p 0001a000 08:01 1976441                    /usr/lib/jvm/java-8-oracle/jre/lib/amd64/libzip.so
7f42f26e1000-7f42f26ed000 r-xp 00000000 08:01 529044                     /lib/x86_64-linux-gnu/libnss_files-2.21.so
7f42f26ed000-7f42f28ec000 ---p 0000c000 08:01 529044                     /lib/x86_64-linux-gnu/libnss_files-2.21.so
7f42f28ec000-7f42f28ed000 r--p 0000b000 08:01 529044                     /lib/x86_64-linux-gnu/libnss_files-2.21.so
7f42f28ed000-7f42f28ee000 rw-p 0000c000 08:01 529044                     /lib/x86_64-linux-gnu/libnss_files-2.21.so
7f42f28ee000-7f42f28f9000 r-xp 00000000 08:01 529054                     /lib/x86_64-linux-gnu/libnss_nis-2.21.so
7f42f28f9000-7f42f2af8000 ---p 0000b000 08:01 529054                     /lib/x86_64-linux-gnu/libnss_nis-2.21.so
7f42f2af8000-7f42f2af9000 r--p 0000a000 08:01 529054                     /lib/x86_64-linux-gnu/libnss_nis-2.21.so
7f42f2af9000-7f42f2afa000 rw-p 0000b000 08:01 529054                     /lib/x86_64-linux-gnu/libnss_nis-2.21.so
7f42f2afa000-7f42f2b11000 r-xp 00000000 08:01 529038                     /lib/x86_64-linux-gnu/libnsl-2.21.so
7f42f2b11000-7f42f2d10000 ---p 00017000 08:01 529038                     /lib/x86_64-linux-gnu/libnsl-2.21.so
7f42f2d10000-7f42f2d11000 r--p 00016000 08:01 529038                     /lib/x86_64-linux-gnu/libnsl-2.21.so
7f42f2d11000-7f42f2d12000 rw-p 00017000 08:01 529038                     /lib/x86_64-linux-gnu/libnsl-2.21.so
7f42f2d12000-7f42f2d14000 rw-p 00000000 00:00 0 
7f42f2d14000-7f42f2d1c000 r-xp 00000000 08:01 529040                     /lib/x86_64-linux-gnu/libnss_compat-2.21.so
7f42f2d1c000-7f42f2f1b000 ---p 00008000 08:01 529040                     /lib/x86_64-linux-gnu/libnss_compat-2.21.so
7f42f2f1b000-7f42f2f1c000 r--p 00007000 08:01 529040                     /lib/x86_64-linux-gnu/libnss_compat-2.21.so
7f42f2f1c000-7f42f2f1d000 rw-p 00008000 08:01 529040                     /lib/x86_64-linux-gnu/libnss_compat-2.21.so
7f42f2f1d000-7f42f2f47000 r-xp 00000000 08:01 1976419                    /usr/lib/jvm/java-8-oracle/jre/lib/amd64/libjava.so
7f42f2f47000-7f42f3147000 ---p 0002a000 08:01 1976419                    /usr/lib/jvm/java-8-oracle/jre/lib/amd64/libjava.so
7f42f3147000-7f42f3149000 rw-p 0002a000 08:01 1976419                    /usr/lib/jvm/java-8-oracle/jre/lib/amd64/libjava.so
7f42f3149000-7f42f3156000 r-xp 00000000 08:01 1976435                    /usr/lib/jvm/java-8-oracle/jre/lib/amd64/libverify.so
7f42f3156000-7f42f3356000 ---p 0000d000 08:01 1976435                    /usr/lib/jvm/java-8-oracle/jre/lib/amd64/libverify.so
7f42f3356000-7f42f3358000 rw-p 0000d000 08:01 1976435                    /usr/lib/jvm/java-8-oracle/jre/lib/amd64/libverify.so
7f42f3358000-7f42f335f000 r-xp 00000000 08:01 529099                     /lib/x86_64-linux-gnu/librt-2.21.so
7f42f335f000-7f42f355e000 ---p 00007000 08:01 529099                     /lib/x86_64-linux-gnu/librt-2.21.so
7f42f355e000-7f42f355f000 r--p 00006000 08:01 529099                     /lib/x86_64-linux-gnu/librt-2.21.so
7f42f355f000-7f42f3560000 rw-p 00007000 08:01 529099                     /lib/x86_64-linux-gnu/librt-2.21.so
7f42f3560000-7f42f3667000 r-xp 00000000 08:01 529017                     /lib/x86_64-linux-gnu/libm-2.21.so
7f42f3667000-7f42f3866000 ---p 00107000 08:01 529017                     /lib/x86_64-linux-gnu/libm-2.21.so
7f42f3866000-7f42f3867000 r--p 00106000 08:01 529017                     /lib/x86_64-linux-gnu/libm-2.21.so
7f42f3867000-7f42f3868000 rw-p 00107000 08:01 529017                     /lib/x86_64-linux-gnu/libm-2.21.so
7f42f3868000-7f42f4527000 r-xp 00000000 08:01 1976457                    /usr/lib/jvm/java-8-oracle/jre/lib/amd64/server/libjvm.so
7f42f4527000-7f42f4726000 ---p 00cbf000 08:01 1976457                    /usr/lib/jvm/java-8-oracle/jre/lib/amd64/server/libjvm.so
7f42f4726000-7f42f47ff000 rw-p 00cbe000 08:01 1976457                    /usr/lib/jvm/java-8-oracle/jre/lib/amd64/server/libjvm.so
7f42f47ff000-7f42f4848000 rw-p 00000000 00:00 0 
7f42f4848000-7f42f4a08000 r-xp 00000000 08:01 528955                     /lib/x86_64-linux-gnu/libc-2.21.so
7f42f4a08000-7f42f4c08000 ---p 001c0000 08:01 528955                     /lib/x86_64-linux-gnu/libc-2.21.so
7f42f4c08000-7f42f4c0c000 r--p 001c0000 08:01 528955                     /lib/x86_64-linux-gnu/libc-2.21.so
7f42f4c0c000-7f42f4c0e000 rw-p 001c4000 08:01 528955                     /lib/x86_64-linux-gnu/libc-2.21.so
7f42f4c0e000-7f42f4c12000 rw-p 00000000 00:00 0 
7f42f4c12000-7f42f4c15000 r-xp 00000000 08:01 528974                     /lib/x86_64-linux-gnu/libdl-2.21.so
7f42f4c15000-7f42f4e14000 ---p 00003000 08:01 528974                     /lib/x86_64-linux-gnu/libdl-2.21.so
7f42f4e14000-7f42f4e15000 r--p 00002000 08:01 528974                     /lib/x86_64-linux-gnu/libdl-2.21.so
7f42f4e15000-7f42f4e16000 rw-p 00003000 08:01 528974                     /lib/x86_64-linux-gnu/libdl-2.21.so
7f42f4e16000-7f42f4e2b000 r-xp 00000000 08:01 1841921                    /usr/lib/jvm/java-8-oracle/lib/amd64/jli/libjli.so
7f42f4e2b000-7f42f502b000 ---p 00015000 08:01 1841921                    /usr/lib/jvm/java-8-oracle/lib/amd64/jli/libjli.so
7f42f502b000-7f42f502c000 rw-p 00015000 08:01 1841921                    /usr/lib/jvm/java-8-oracle/lib/amd64/jli/libjli.so
7f42f502c000-7f42f5044000 r-xp 00000000 08:01 529091                     /lib/x86_64-linux-gnu/libpthread-2.21.so
7f42f5044000-7f42f5244000 ---p 00018000 08:01 529091                     /lib/x86_64-linux-gnu/libpthread-2.21.so
7f42f5244000-7f42f5245000 r--p 00018000 08:01 529091                     /lib/x86_64-linux-gnu/libpthread-2.21.so
7f42f5245000-7f42f5246000 rw-p 00019000 08:01 529091                     /lib/x86_64-linux-gnu/libpthread-2.21.so
7f42f5246000-7f42f524a000 rw-p 00000000 00:00 0 
7f42f524a000-7f42f526e000 r-xp 00000000 08:01 528927                     /lib/x86_64-linux-gnu/ld-2.21.so
7f42f5271000-7f42f534f000 rw-p 00000000 00:00 0 
7f42f534f000-7f42f5352000 ---p 00000000 00:00 0 
7f42f5352000-7f42f5454000 rw-p 00000000 00:00 0                          [stack:26977]
7f42f5458000-7f42f545a000 rw-p 00000000 00:00 0 
7f42f545a000-7f42f5461000 r--s 00000000 08:01 1838360                    /usr/lib/x86_64-linux-gnu/gconv/gconv-modules.cache
7f42f5461000-7f42f5469000 rw-s 00000000 08:01 1448536                    /tmp/hsperfdata_paulina/26971
7f42f5469000-7f42f546a000 rw-p 00000000 00:00 0 
7f42f546a000-7f42f546b000 r--p 00000000 00:00 0 
7f42f546b000-7f42f546d000 rw-p 00000000 00:00 0 
7f42f546d000-7f42f546e000 r--p 00023000 08:01 528927                     /lib/x86_64-linux-gnu/ld-2.21.so
7f42f546e000-7f42f546f000 rw-p 00024000 08:01 528927                     /lib/x86_64-linux-gnu/ld-2.21.so
7f42f546f000-7f42f5470000 rw-p 00000000 00:00 0 
7ffc1f437000-7ffc1f459000 rw-p 00000000 00:00 0                          [stack]
7ffc1f5c9000-7ffc1f5cb000 r--p 00000000 00:00 0                          [vvar]
7ffc1f5cb000-7ffc1f5cd000 r-xp 00000000 00:00 0                          [vdso]
ffffffffff600000-ffffffffff601000 r-xp 00000000 00:00 0                  [vsyscall]

VM Arguments:
jvm_args: -Dfile.encoding=UTF-8 
java_command: pl.epam.robot.StartRobot
java_class_path (initial): /home/paulina/workspace/ProjektOlka/BookStoreRobotFix/target/classes:/home/paulina/.m2/repository/org/testng/testng/6.8/testng-6.8.jar:/home/paulina/.m2/repository/junit/junit/4.10/junit-4.10.jar:/home/paulina/.m2/repository/org/hamcrest/hamcrest-core/1.1/hamcrest-core-1.1.jar:/home/paulina/.m2/repository/org/beanshell/bsh/2.0b4/bsh-2.0b4.jar:/home/paulina/.m2/repository/com/beust/jcommander/1.27/jcommander-1.27.jar:/home/paulina/.m2/repository/org/yaml/snakeyaml/1.6/snakeyaml-1.6.jar:/home/paulina/.m2/repository/org/jsoup/jsoup/1.8.3/jsoup-1.8.3.jar:/home/paulina/.m2/repository/log4j/log4j/1.2.17/log4j-1.2.17.jar:/home/paulina/.m2/repository/org/mockito/mockito-all/2.0.2-beta/mockito-all-2.0.2-beta.jar:/home/paulina/.m2/repository/commons-configuration/commons-configuration/1.10/commons-configuration-1.10.jar:/home/paulina/.m2/repository/commons-lang/commons-lang/2.6/commons-lang-2.6.jar:/home/paulina/.m2/repository/commons-logging/commons-logging/1.1.1/commons-logging-1.1.1.jar:/home/paulina/.m2/repository/mysql/mysql-connector-java/5.1.38/mysql-connector-java-5.1.38.jar:/home/paulina/.m2/repository/org/hibernate/hibernate-core/5.1.0.Final/hibernate-core-5.1.0.Final.jar:/home/paulina/.m2/repository/org/jboss/logging/jboss-logging/3.3.0.Final/jboss-logging-3.3.0.Final.jar:/home/paulina/.m2/repository/org/hibernate/javax/persistence/hibernate-jpa-2.1-api/1.0.0.Final/hibernate-jpa-2.1-api-1.0.0.Final.jar:/home/paulina/.m2/repository/org/javassist/javassist/3.20.0-GA/javassist-3.20.0-GA.jar:/home/paulina/.m2/repository/antlr/antlr/2.7.7/antlr-2.7.7.jar:/home/paulina/.m2/repository/org/apache/geronimo/specs/geronimo-jta_1.1_spec/1.1.1/geronimo-jta_1.1_spec-1.1.1.jar:/home/paulina/.m2/repository/org/jboss/jandex/2.0.0.Final/jandex-2.0.0.Final.jar:/home/paulina/.m2/repository/com/fasterxml/classmate/1.3.0/classmate-1.3.0.jar:/home/paulina/.m2/repository/dom4j/dom4j/1.6.1/dom4j-1.6.1.jar:/home/paulina/.m2/repository/xml-apis/xml-apis/1.0.b2/xm
Launcher Type: SUN_STANDARD

Environment Variables:
JAVA_HOME=/usr/lib/jvm/java-8-openjdk-amd64
PATH=/usr/local/sbin:/usr/local/bin:/usr/sbin:/usr/bin:/sbin:/bin:/usr/games:/usr/local/games:/home/paulina/bin:/usr/lib/jvm/java-8-openjdk-amd64/bin
SHELL=/bin/bash
DISPLAY=:0

Signal Handlers:
SIGSEGV: [libjvm.so+0xabb070], sa_mask[0]=11111111011111111101111111111110, sa_flags=SA_RESTART|SA_SIGINFO
SIGBUS: [libjvm.so+0xabb070], sa_mask[0]=11111111011111111101111111111110, sa_flags=SA_RESTART|SA_SIGINFO
SIGFPE: [libjvm.so+0x918480], sa_mask[0]=11111111011111111101111111111110, sa_flags=SA_RESTART|SA_SIGINFO
SIGPIPE: SIG_IGN, sa_mask[0]=00000000000010000000000000000000, sa_flags=SA_RESTART
SIGXFSZ: [libjvm.so+0x918480], sa_mask[0]=11111111011111111101111111111110, sa_flags=SA_RESTART|SA_SIGINFO
SIGILL: [libjvm.so+0x918480], sa_mask[0]=11111111011111111101111111111110, sa_flags=SA_RESTART|SA_SIGINFO
SIGUSR1: SIG_DFL, sa_mask[0]=00000000000000000000000000000000, sa_flags=none
SIGUSR2: [libjvm.so+0x919ab0], sa_mask[0]=00100000000000000000000000000000, sa_flags=SA_RESTART|SA_SIGINFO
SIGHUP: [libjvm.so+0x91aeb0], sa_mask[0]=11111111011111111101111111111110, sa_flags=SA_RESTART|SA_SIGINFO
SIGINT: [vboxvideo_dri.so+0x52270], sa_mask[0]=01000000000000000000000000000000, sa_flags=SA_RESTART
SIGTERM: [vboxvideo_dri.so+0x52270], sa_mask[0]=00000000000000100000000000000000, sa_flags=SA_RESTART
SIGQUIT: [libjvm.so+0x91aeb0], sa_mask[0]=11111111011111111101111111111110, sa_flags=SA_RESTART|SA_SIGINFO


---------------  S Y S T E M  ---------------

OS:DISTRIB_ID=Ubuntu
DISTRIB_RELEASE=15.10
DISTRIB_CODENAME=wily
DISTRIB_DESCRIPTION="Ubuntu 15.10"

uname:Linux 4.2.0-16-generic #19-Ubuntu SMP Thu Oct 8 15:35:06 UTC 2015 x86_64
libc:glibc 2.21 NPTL 2.21 
rlimit: STACK 8192k, CORE 0k, NPROC 19765, NOFILE 65536, AS infinity
load average:2,31 2,44 1,92

/proc/meminfo:
MemTotal:        5094640 kB
MemFree:           35924 kB
MemAvailable:     211276 kB
Buffers:            7516 kB
Cached:           180912 kB
SwapCached:        11896 kB
Active:          3833428 kB
Inactive:        1008436 kB
Active(anon):    3717496 kB
Inactive(anon):   945816 kB
Active(file):     115932 kB
Inactive(file):    62620 kB
Unevictable:          32 kB
Mlocked:              32 kB
SwapTotal:       7276540 kB
SwapFree:        1352912 kB
Dirty:               352 kB
Writeback:             0 kB
AnonPages:       4642064 kB
Mapped:           120100 kB
Shmem:              9884 kB
Slab:              74840 kB
SReclaimable:      30268 kB
SUnreclaim:        44572 kB
KernelStack:       25440 kB
PageTables:        81800 kB
NFS_Unstable:          0 kB
Bounce:                0 kB
WritebackTmp:          0 kB
CommitLimit:     9823860 kB
Committed_AS:   19681108 kB
VmallocTotal:   34359738367 kB
VmallocUsed:       64908 kB
VmallocChunk:   34359627596 kB
HardwareCorrupted:     0 kB
AnonHugePages:   2584576 kB
CmaTotal:              0 kB
CmaFree:               0 kB
HugePages_Total:       0
HugePages_Free:        0
HugePages_Rsvd:        0
HugePages_Surp:        0
Hugepagesize:       2048 kB
DirectMap4k:      123840 kB
DirectMap2M:     5136384 kB


CPU:total 2 (2 cores per cpu, 1 threads per core) family 6 model 58 stepping 9, cmov, cx8, fxsr, mmx, sse, sse2, sse3, ssse3, sse4.1, sse4.2, popcnt, avx, aes, clmul, tsc, tscinvbit, tscinv

/proc/cpuinfo:
processor	: 0
vendor_id	: GenuineIntel
cpu family	: 6
model		: 58
model name	: Intel(R) Core(TM) i5-3337U CPU @ 1.80GHz
stepping	: 9
microcode	: 0x19
cpu MHz		: 1795.920
cache size	: 3072 KB
physical id	: 0
siblings	: 2
core id		: 0
cpu cores	: 2
apicid		: 0
initial apicid	: 0
fpu		: yes
fpu_exception	: yes
cpuid level	: 13
wp		: yes
flags		: fpu vme de pse tsc msr pae mce cx8 apic sep mtrr pge mca cmov pat pse36 clflush mmx fxsr sse sse2 ht syscall nx rdtscp lm constant_tsc rep_good nopl xtopology nonstop_tsc pni pclmulqdq ssse3 cx16 sse4_1 sse4_2 popcnt aes xsave avx rdrand hypervisor lahf_lm
bugs		:
bogomips	: 3591.84
clflush size	: 64
cache_alignment	: 64
address sizes	: 36 bits physical, 48 bits virtual
power management:

processor	: 1
vendor_id	: GenuineIntel
cpu family	: 6
model		: 58
model name	: Intel(R) Core(TM) i5-3337U CPU @ 1.80GHz
stepping	: 9
microcode	: 0x19
cpu MHz		: 1795.920
cache size	: 3072 KB
physical id	: 0
siblings	: 2
core id		: 1
cpu cores	: 2
apicid		: 1
initial apicid	: 1
fpu		: yes
fpu_exception	: yes
cpuid level	: 13
wp		: yes
flags		: fpu vme de pse tsc msr pae mce cx8 apic sep mtrr pge mca cmov pat pse36 clflush mmx fxsr sse sse2 ht syscall nx rdtscp lm constant_tsc rep_good nopl xtopology nonstop_tsc pni pclmulqdq ssse3 cx16 sse4_1 sse4_2 popcnt aes xsave avx rdrand hypervisor lahf_lm
bugs		:
bogomips	: 3591.84
clflush size	: 64
cache_alignment	: 64
address sizes	: 36 bits physical, 48 bits virtual
power management:



Memory: 4k page, physical 5094640k(35924k free), swap 7276540k(1352912k free)

vm_info: Java HotSpot(TM) 64-Bit Server VM (25.72-b15) for linux-amd64 JRE (1.8.0_72-b15), built on Dec 22 2015 22:00:07 by "java_re" with gcc 4.3.0 20080428 (Red Hat 4.3.0-8)

time: Mon May  2 16:36:31 2016
elapsed time: 62 seconds (0d 0h 1m 2s)

