2016-03-29 12:21:24,503 [     FreeBookParser.java:JavaFX Application Thread:45] - Nexto
2016-03-29 12:21:24,831 [     FreeBookFinder.java:JavaFX Application Thread:85] - Teraz Biologia LO. Biotechnologioa i bioróżnorodność - ebook
2016-03-29 12:21:24,835 [     FreeBookFinder.java:JavaFX Application Thread:85] - Historia Muzyki Polskiej. Tom VII, cz. 2: Współczesność 1975 - 2000 - ebook
2016-03-29 12:21:24,835 [     FreeBookFinder.java:JavaFX Application Thread:85] - 16 typów osobowości w pigułce - ebook
2016-03-29 12:21:24,835 [     FreeBookFinder.java:JavaFX Application Thread:85] - Historia Muzyki Polskiej. Tom V, cz. I: Romantyzm 1795 - 1850 - ebook
2016-03-29 12:21:24,835 [     FreeBookFinder.java:JavaFX Application Thread:85] - Sztuka + Animacja - ebook
2016-03-29 12:21:24,835 [     FreeBookFinder.java:JavaFX Application Thread:85] - Blondynka, niebieskie oczy - ebook
2016-03-29 12:21:24,835 [     FreeBookFinder.java:JavaFX Application Thread:85] - Historia Muzyki Polskiej. Tom VII, cz. 1: Współczesność 1939 - 1974 - ebook
2016-03-29 12:21:24,835 [     FreeBookFinder.java:JavaFX Application Thread:85] - Ludzie Sierpnia 80 w Gdyni, tom II - ebook
2016-03-29 12:21:24,835 [     FreeBookFinder.java:JavaFX Application Thread:85] - Historia Muzyki Polskiej. Tom VI: Między Romantyzmem a Nową Muzyką 1900 - 1939 - ebook
2016-03-29 12:21:24,836 [     FreeBookFinder.java:JavaFX Application Thread:85] - Historia Muzyki Polskiej. Tom III, cz. 2: Barok 1697-1795 - ebook
2016-03-29 12:21:24,842 [     FreeBookParser.java:JavaFX Application Thread:45] - Publio
2016-03-29 12:21:25,432 [     FreeBookFinder.java:JavaFX Application Thread:85] - 16 typów osobowości w pigułce16 typów osobowości w pigułce
2016-03-29 12:21:25,433 [     FreeBookFinder.java:JavaFX Application Thread:85] - BalladynaBalladyna
2016-03-29 12:21:25,433 [     FreeBookFinder.java:JavaFX Application Thread:85] - Arcydzieła klasyki literaturyArcydzieła klasyki literatury
2016-03-29 12:21:25,433 [     FreeBookFinder.java:JavaFX Application Thread:85] - Bank jako instytucja zaufania pu...Bank jako instytucja zaufania publicznego
2016-03-29 12:21:25,436 [     FreeBookFinder.java:JavaFX Application Thread:85] - Bezpieczeństwo finansowe w banko...Bezpieczeństwo finansowe w bankowości elektronicznej...
2016-03-29 12:21:25,436 [     FreeBookFinder.java:JavaFX Application Thread:85] - Biura usług płatniczych – prawa...Biura usług płatniczych – prawa i obowiązki
2016-03-29 12:21:25,436 [     FreeBookFinder.java:JavaFX Application Thread:85] - Bajki i przypowieściBajki i przypowieści
2016-03-29 12:21:25,436 [     FreeBookFinder.java:JavaFX Application Thread:85] - Ballady i romanseBallady i romanse
2016-03-29 12:21:25,437 [     FreeBookFinder.java:JavaFX Application Thread:85] - Biologia: Biotechnologia. Bioróż...Biologia: Biotechnologia. Bioróżnorodność
2016-03-29 12:21:25,437 [     FreeBookFinder.java:JavaFX Application Thread:85] - Antologia polskiego rapuAntologia polskiego rapu
2016-03-29 12:21:25,437 [     FreeBookFinder.java:JavaFX Application Thread:85] - Blondynka, niebieskie oczyBlondynka, niebieskie oczy
2016-03-29 12:21:25,437 [     FreeBookFinder.java:JavaFX Application Thread:85] - Biblia w 365 dniBiblia w 365 dni
2016-03-29 12:21:25,437 [     FreeBookFinder.java:JavaFX Application Thread:85] - Biskup warmiński Józef Ambroży G...Biskup warmiński Józef Ambroży Geritz (1783–1867)
2016-03-29 12:21:25,437 [     FreeBookFinder.java:JavaFX Application Thread:85] - Carillony i muzyka carillonowa d...Carillony i muzyka carillonowa dawnego Gdańska
2016-03-29 12:21:25,437 [     FreeBookFinder.java:JavaFX Application Thread:85] - AntygonaAntygona
2016-03-29 12:21:25,437 [     FreeBookFinder.java:JavaFX Application Thread:85] - Apologia, czyli Obrona SokratesaApologia, czyli Obrona Sokratesa
2016-03-29 12:21:25,437 [     FreeBookFinder.java:JavaFX Application Thread:85] - Chłopcy: Będziesz to prać!Chłopcy: Będziesz to prać!
2016-03-29 12:21:25,437 [     FreeBookFinder.java:JavaFX Application Thread:85] - Ballada o utraconym domuBallada o utraconym domu
2016-03-29 12:21:25,437 [     FreeBookFinder.java:JavaFX Application Thread:85] - Baśnie i opowieściBaśnie i opowieści
2016-03-29 12:21:25,437 [     FreeBookFinder.java:JavaFX Application Thread:85] - Boska komediaBoska komedia
2016-03-29 12:21:25,438 [     FreeBookParser.java:JavaFX Application Thread:45] - Legimi
2016-03-29 12:21:27,188 [     FreeBookFinder.java:JavaFX Application Thread:85] - 
2016-03-29 12:21:27,189 [     FreeBookFinder.java:JavaFX Application Thread:85] - The Tempest - William Shakespeare - ebook
2016-03-29 12:21:27,189 [     FreeBookFinder.java:JavaFX Application Thread:85] - Przedwiośnie - Stefan Żeromski - ebook
2016-03-29 12:21:27,189 [     FreeBookFinder.java:JavaFX Application Thread:85] - Antony and Cleopatra - William Shakespeare - ebook
2016-03-29 12:21:27,189 [     FreeBookFinder.java:JavaFX Application Thread:85] - Ludzie bezdomni - Stefan Żeromski - ebook
2016-03-29 12:21:27,189 [     FreeBookFinder.java:JavaFX Application Thread:85] - Balladyna - Juliusz Słowacki - ebook
2016-03-29 12:21:27,189 [     FreeBookFinder.java:JavaFX Application Thread:85] - Bezbronna istota - Anton Czechow - ebook
2016-03-29 12:21:27,189 [     FreeBookFinder.java:JavaFX Application Thread:85] - Moralność pani Dulskiej - Gabriela Zapolska - ebook
2016-03-29 12:21:27,189 [     FreeBookFinder.java:JavaFX Application Thread:85] - Cień - Hans Christian Andersen - ebook
2016-03-29 12:21:27,189 [     FreeBookFinder.java:JavaFX Application Thread:85] - 16 typów osobowości w pigułce - Laboratorium Dobrego Życia - ebook
2016-03-29 12:21:27,189 [     FreeBookFinder.java:JavaFX Application Thread:85] - Portret owalny - Edgar Allan Poe - ebook
2016-03-29 12:21:27,189 [     FreeBookFinder.java:JavaFX Application Thread:85] - Aptekarzowa - Anton Czechow - ebook
2016-03-29 12:21:27,190 [     FreeBookFinder.java:JavaFX Application Thread:85] - Sen nocy letniej - William Shakespeare - ebook
2016-03-29 12:21:27,190 [     FreeBookFinder.java:JavaFX Application Thread:85] - Beczka Amontillada - Edgar Allan Poe - ebook
2016-03-29 12:21:27,190 [     FreeBookFinder.java:JavaFX Application Thread:85] - Pan Tadeusz, czyli ostatni zajazd na Litwie - Adam Mickiewicz - ebook
2016-03-29 12:21:27,190 [     FreeBookFinder.java:JavaFX Application Thread:85] - Choinka - Hans Christian Andersen - ebook
2016-03-29 12:21:27,190 [     FreeBookFinder.java:JavaFX Application Thread:85] - Kordian - Juliusz Słowacki - ebook
2016-03-29 12:21:27,190 [     FreeBookFinder.java:JavaFX Application Thread:85] - Calineczka - Hans Christian Andersen - ebook
2016-03-29 12:21:27,190 [     FreeBookFinder.java:JavaFX Application Thread:85] - U króla Olch - Hans Christian Andersen - ebook
2016-03-29 12:21:27,190 [     FreeBookFinder.java:JavaFX Application Thread:85] - Krzyżacy - Henryk Sienkiewicz - ebook
2016-03-29 12:21:27,190 [     FreeBookFinder.java:JavaFX Application Thread:85] - Dziewczynka z zapałkami - Hans Christian Andersen - ebook
2016-03-29 12:21:27,190 [     FreeBookFinder.java:JavaFX Application Thread:85] - Maska śmierci szkarłatnej - Edgar Allan Poe - ebook
2016-03-29 12:21:27,190 [     FreeBookFinder.java:JavaFX Application Thread:85] - Szewcy - Stanisław Ignacy Witkiewicz - ebook
2016-03-29 12:21:27,190 [     FreeBookFinder.java:JavaFX Application Thread:85] - Matka - Hans Christian Andersen - ebook
2016-03-29 12:21:27,191 [     FreeBookFinder.java:JavaFX Application Thread:85] - Zagłada domu Usherów - Edgar Allan Poe - ebook
2016-03-29 12:21:27,191 [     FreeBookFinder.java:JavaFX Application Thread:85] - Wierna rzeka - Stefan Żeromski - ebook
2016-03-29 12:21:27,191 [     FreeBookFinder.java:JavaFX Application Thread:85] - Prawdziwy opis wypadku z p. Waldemarem - Edgar Allan Poe - ebook
2016-03-29 12:21:27,191 [     FreeBookFinder.java:JavaFX Application Thread:85] - Król Dżumiec - Edgar Allan Poe - ebook
2016-03-29 12:21:27,191 [     FreeBookFinder.java:JavaFX Application Thread:85] - Serce oskarżycielem - Edgar Allan Poe - ebook
2016-03-29 12:21:27,191 [     FreeBookFinder.java:JavaFX Application Thread:85] - Nad Niemnem - Eliza Orzeszkowa - ebook
2016-03-29 12:21:27,191 [     FreeBookFinder.java:JavaFX Application Thread:85] - Macbeth - William Shakespeare - ebook
2016-03-29 12:21:27,191 [     FreeBookFinder.java:JavaFX Application Thread:85] - Antygona - Sofokles - ebook
2016-03-29 12:21:27,191 [     FreeBookFinder.java:JavaFX Application Thread:85] - Śmierć urzędnika - Anton Czechow - ebook
2016-03-29 12:21:27,191 [     FreeBookFinder.java:JavaFX Application Thread:85] - Rok 2012. Antologia - Antologia - ebook
2016-03-29 12:21:27,191 [     FreeBookFinder.java:JavaFX Application Thread:85] - Coś - Hans Christian Andersen - ebook
2016-03-29 12:21:27,191 [     FreeBookFinder.java:JavaFX Application Thread:85] - Ogniem i mieczem - Henryk Sienkiewicz - ebook
2016-03-29 12:21:27,191 [     FreeBookFinder.java:JavaFX Application Thread:85] - Giaur - George Gordon Byron - ebook
2016-03-29 12:21:27,192 [     FreeBookFinder.java:JavaFX Application Thread:85] - Chłopi - Władysław Stanisław Reymont - ebook
2016-03-29 12:21:27,192 [     FreeBookFinder.java:JavaFX Application Thread:85] - Diabeł na wieży - Edgar Allan Poe - ebook
2016-03-29 12:21:27,192 [     FreeBookFinder.java:JavaFX Application Thread:85] - Długi język - Anton Czechow - ebook
2016-03-29 12:21:27,192 [     FreeBookFinder.java:JavaFX Application Thread:85] - Czarny kot - Edgar Allan Poe - ebook
2016-03-29 12:21:27,192 [     FreeBookFinder.java:JavaFX Application Thread:85] - Świętoszek - Molière - ebook
2016-03-29 12:21:27,192 [     FreeBookFinder.java:JavaFX Application Thread:85] - Maska - Charles Baudelaire - ebook
2016-03-29 12:21:27,192 [     FreeBookFinder.java:JavaFX Application Thread:85] - Brzydkie kaczątko - Hans Christian Andersen - ebook
2016-03-29 12:21:27,192 [     FreeBookFinder.java:JavaFX Application Thread:85] - Robinson Crusoe - Daniel Defoe - ebook
2016-03-29 12:21:27,192 [     FreeBookFinder.java:JavaFX Application Thread:85] - Potop - Henryk Sienkiewicz - ebook
2016-03-29 12:21:27,192 [     FreeBookFinder.java:JavaFX Application Thread:85] - Lord Jim - Joseph Conrad - ebook
2016-03-29 12:21:27,192 [     FreeBookFinder.java:JavaFX Application Thread:85] - Wesele - Stanisław Wyspiański - ebook
2016-03-29 12:21:27,192 [     FreeBookFinder.java:JavaFX Application Thread:85] - Księga dżungli - Rudyard Kipling - ebook
2016-03-29 12:21:27,193 [     FreeBookFinder.java:JavaFX Application Thread:85] - The Art of War - Sun Tzu - ebook
2016-03-29 12:21:27,193 [     FreeBookFinder.java:JavaFX Application Thread:85] - Berenice - Edgar Allan Poe - ebook
2016-03-29 12:21:27,193 [     FreeBookFinder.java:JavaFX Application Thread:85] - Krasnoludek - Hans Christian Andersen - ebook
2016-03-29 12:21:27,193 [     FreeBookFinder.java:JavaFX Application Thread:85] - Królowa śniegu - Hans Christian Andersen - ebook
2016-03-29 12:21:27,193 [     FreeBookFinder.java:JavaFX Application Thread:85] - Nie-Boska komedia - Zygmunt Krasiński - ebook
2016-03-29 12:21:27,193 [     FreeBookFinder.java:JavaFX Application Thread:85] - Lalka - Bolesław Prus - ebook
2016-03-29 12:21:27,193 [     FreeBookFinder.java:JavaFX Application Thread:85] - Romeo i Julia - William Shakespeare - ebook
2016-03-29 12:21:27,193 [     FreeBookFinder.java:JavaFX Application Thread:85] - Othello - William Shakespeare - ebook
2016-03-29 12:21:27,193 [     FreeBookFinder.java:JavaFX Application Thread:85] - Zły mnich - Charles Baudelaire - ebook
2016-03-29 12:21:27,193 [     FreeBookFinder.java:JavaFX Application Thread:85] - Bąk i piłka - Hans Christian Andersen - ebook
2016-03-29 12:21:27,193 [     FreeBookFinder.java:JavaFX Application Thread:85] - Córa Albionu - Anton Czechow - ebook
2016-03-29 12:21:27,193 [     FreeBookFinder.java:JavaFX Application Thread:85] - Ojciec Goriot - Honoré de Balzac - ebook
2016-03-29 12:21:27,194 [     FreeBookFinder.java:JavaFX Application Thread:85] - Fraszki - Jan Kochanowski - ebook
2016-03-29 12:21:27,194 [     FreeBookFinder.java:JavaFX Application Thread:85] - Hop-frog - Edgar Allan Poe - ebook
2016-03-29 12:21:27,194 [     FreeBookFinder.java:JavaFX Application Thread:85] - Damy - Anton Czechow - ebook
2016-03-29 12:21:27,194 [     FreeBookFinder.java:JavaFX Application Thread:85] - The Memoirs of Sherlock Holmes - Arthur Conan Doyle - ebook
2016-03-29 12:21:27,194 [     FreeBookFinder.java:JavaFX Application Thread:85] - Syrena - Anton Czechow - ebook
2016-03-29 12:21:27,194 [     FreeBookFinder.java:JavaFX Application Thread:85] - Słodko Gorzko. Opowiadania o miłości - Antologia - ebook
2016-03-29 12:21:27,194 [     FreeBookFinder.java:JavaFX Application Thread:85] - Studnia i wahadło - Edgar Allan Poe - ebook
2016-03-29 12:21:27,194 [     FreeBookFinder.java:JavaFX Application Thread:85] - Słowik - Hans Christian Andersen - ebook
2016-03-29 12:21:27,194 [     FreeBookFinder.java:JavaFX Application Thread:85] - Dream Psychology - Sigmund Freud - ebook
2016-03-29 12:21:27,194 [     FreeBookFinder.java:JavaFX Application Thread:85] - Hamlet - William Shakespeare - ebook
2016-03-29 12:21:27,194 [     FreeBookFinder.java:JavaFX Application Thread:85] - Cierpienia młodego Wertera - Johann Wolfgang von Goethe - ebook
2016-03-29 12:21:27,194 [     FreeBookFinder.java:JavaFX Application Thread:85] - Dziady - Adam Mickiewicz - ebook
2016-03-29 12:21:27,194 [     FreeBookFinder.java:JavaFX Application Thread:85] - Rękopis znaleziony w butli - Edgar Allan Poe - ebook
2016-03-29 12:21:27,195 [     FreeBookFinder.java:JavaFX Application Thread:85] - William Wilson - Edgar Allan Poe - ebook
2016-03-29 12:21:27,195 [     FreeBookParser.java:JavaFX Application Thread:45] - Upoluj Ebooka
2016-03-29 12:21:27,403 [     FreeBookFinder.java:JavaFX Application Thread:85] - Sonet III (Do Naświętszej Panny)
2016-03-29 12:21:27,404 [     FreeBookFinder.java:JavaFX Application Thread:85] - Pamiętnik egotysty
2016-03-29 12:21:27,404 [     FreeBookFinder.java:JavaFX Application Thread:85] - Na poddaszu
2016-03-29 12:21:27,404 [     FreeBookFinder.java:JavaFX Application Thread:85] - Muza z zaścianka
2016-03-29 12:21:27,404 [     FreeBookFinder.java:JavaFX Application Thread:85] - Na starość
2016-03-29 12:21:27,404 [     FreeBookFinder.java:JavaFX Application Thread:85] - Wino gałganiarza
2016-03-29 12:21:27,404 [     FreeBookFinder.java:JavaFX Application Thread:85] - Victoria
2016-03-29 12:21:27,404 [     FreeBookFinder.java:JavaFX Application Thread:85] - Nadzieja i bojaźń
2016-03-29 12:21:27,404 [     FreeBookFinder.java:JavaFX Application Thread:85] - Asyż
2016-03-29 12:21:27,405 [     FreeBookFinder.java:JavaFX Application Thread:85] - [Na bis]
2016-03-29 12:21:27,405 [     FreeBookFinder.java:JavaFX Application Thread:85] - Wszechmocny Bóg
2016-03-29 12:21:27,405 [     FreeBookFinder.java:JavaFX Application Thread:85] - Dorocie z Michowa, żenie jego (Nie chciałam cię, mężu mój, zostać, twoja żona...)
2016-03-29 12:21:27,405 [     FreeBookFinder.java:JavaFX Application Thread:85] - Sukienka balowa
2016-03-29 12:21:27,405 [     FreeBookFinder.java:JavaFX Application Thread:85] - Spowiedź poety
2016-03-29 12:21:27,405 [     FreeBookFinder.java:JavaFX Application Thread:85] - I (Chaty rzędem na piaszczystych wzgórkach...)
2016-03-29 12:21:27,405 [     FreeBookFinder.java:JavaFX Application Thread:85] - Do Jędrzeja (A cóż radzisz, Jędrzeju? Wszak mogę w twe uszy...)
2016-03-29 12:21:27,405 [     FreeBookFinder.java:JavaFX Application Thread:85] - Do swych rymów
2016-03-29 12:21:27,405 [     FreeBookFinder.java:JavaFX Application Thread:85] - O swych rymiech
2016-03-29 12:21:27,405 [     FreeBookFinder.java:JavaFX Application Thread:85] - Na Leliwę Tarnowskich
2016-03-29 12:21:27,409 [     FreeBookFinder.java:JavaFX Application Thread:85] - Krysia bezimienna
2016-03-29 12:21:27,409 [     FreeBookFinder.java:JavaFX Application Thread:85] - Przekrój fantastyczny
2016-03-29 12:21:27,409 [     FreeBookFinder.java:JavaFX Application Thread:85] - Betleem
2016-03-29 12:21:27,409 [     FreeBookFinder.java:JavaFX Application Thread:85] - Oda IV
2016-03-29 12:21:27,409 [     FreeBookFinder.java:JavaFX Application Thread:85] - Trupy z kawiorem
2016-03-29 12:21:27,409 [     FreeBookParser.java:JavaFX Application Thread:45] - Default Bookstore 1
2016-03-29 12:21:27,576 [     FreeBookFinder.java:JavaFX Application Thread:85] - Sonet III (Do Naświętszej Panny)
2016-03-29 12:21:27,577 [     FreeBookFinder.java:JavaFX Application Thread:85] - Pamiętnik egotysty
2016-03-29 12:21:27,578 [     FreeBookFinder.java:JavaFX Application Thread:85] - Na poddaszu
2016-03-29 12:21:27,578 [     FreeBookFinder.java:JavaFX Application Thread:85] - Muza z zaścianka
2016-03-29 12:21:27,578 [     FreeBookFinder.java:JavaFX Application Thread:85] - Na starość
2016-03-29 12:21:27,578 [     FreeBookFinder.java:JavaFX Application Thread:85] - Wino gałganiarza
2016-03-29 12:21:27,578 [     FreeBookFinder.java:JavaFX Application Thread:85] - Victoria
2016-03-29 12:21:27,578 [     FreeBookFinder.java:JavaFX Application Thread:85] - Nadzieja i bojaźń
2016-03-29 12:21:27,578 [     FreeBookFinder.java:JavaFX Application Thread:85] - Asyż
2016-03-29 12:21:27,582 [     FreeBookFinder.java:JavaFX Application Thread:85] - [Na bis]
2016-03-29 12:21:27,582 [     FreeBookFinder.java:JavaFX Application Thread:85] - Wszechmocny Bóg
2016-03-29 12:21:27,598 [     FreeBookFinder.java:JavaFX Application Thread:85] - Dorocie z Michowa, żenie jego (Nie chciałam cię, mężu mój, zostać, twoja żona...)
2016-03-29 12:21:27,601 [     FreeBookFinder.java:JavaFX Application Thread:85] - Sukienka balowa
2016-03-29 12:21:27,601 [     FreeBookFinder.java:JavaFX Application Thread:85] - Spowiedź poety
2016-03-29 12:21:27,601 [     FreeBookFinder.java:JavaFX Application Thread:85] - I (Chaty rzędem na piaszczystych wzgórkach...)
2016-03-29 12:21:27,601 [     FreeBookFinder.java:JavaFX Application Thread:85] - Do Jędrzeja (A cóż radzisz, Jędrzeju? Wszak mogę w twe uszy...)
2016-03-29 12:21:27,601 [     FreeBookFinder.java:JavaFX Application Thread:85] - Do swych rymów
2016-03-29 12:21:27,601 [     FreeBookFinder.java:JavaFX Application Thread:85] - O swych rymiech
2016-03-29 12:21:27,601 [     FreeBookFinder.java:JavaFX Application Thread:85] - Na Leliwę Tarnowskich
2016-03-29 12:21:27,601 [     FreeBookFinder.java:JavaFX Application Thread:85] - Krysia bezimienna
2016-03-29 12:21:27,602 [     FreeBookFinder.java:JavaFX Application Thread:85] - Przekrój fantastyczny
2016-03-29 12:21:27,602 [     FreeBookFinder.java:JavaFX Application Thread:85] - Betleem
2016-03-29 12:21:27,602 [     FreeBookFinder.java:JavaFX Application Thread:85] - Oda IV
2016-03-29 12:21:27,602 [     FreeBookFinder.java:JavaFX Application Thread:85] - Trupy z kawiorem
2016-03-30 13:55:08,296 [     FreeBookParser.java:JavaFX Application Thread:45] - Nexto
2016-03-30 13:55:09,184 [     FreeBookFinder.java:JavaFX Application Thread:85] - Teraz Biologia LO. Biotechnologioa i bioróżnorodność - ebook
2016-03-30 13:55:09,187 [     FreeBookFinder.java:JavaFX Application Thread:85] - Historia Muzyki Polskiej. Tom VII, cz. 2: Współczesność 1975 - 2000 - ebook
2016-03-30 13:55:09,187 [     FreeBookFinder.java:JavaFX Application Thread:85] - 16 typów osobowości w pigułce - ebook
2016-03-30 13:55:09,187 [     FreeBookFinder.java:JavaFX Application Thread:85] - Historia Muzyki Polskiej. Tom V, cz. I: Romantyzm 1795 - 1850 - ebook
2016-03-30 13:55:09,187 [     FreeBookFinder.java:JavaFX Application Thread:85] - Sztuka + Animacja - ebook
2016-03-30 13:55:09,187 [     FreeBookFinder.java:JavaFX Application Thread:85] - Blondynka, niebieskie oczy - ebook
2016-03-30 13:55:09,187 [     FreeBookFinder.java:JavaFX Application Thread:85] - Historia Muzyki Polskiej. Tom VII, cz. 1: Współczesność 1939 - 1974 - ebook
2016-03-30 13:55:09,188 [     FreeBookFinder.java:JavaFX Application Thread:85] - Ludzie Sierpnia 80 w Gdyni, tom II - ebook
2016-03-30 13:55:09,188 [     FreeBookFinder.java:JavaFX Application Thread:85] - Historia Muzyki Polskiej. Tom VI: Między Romantyzmem a Nową Muzyką 1900 - 1939 - ebook
2016-03-30 13:55:09,188 [     FreeBookFinder.java:JavaFX Application Thread:85] - Historia Muzyki Polskiej. Tom III, cz. 2: Barok 1697-1795 - ebook
2016-03-30 13:55:09,188 [     FreeBookParser.java:JavaFX Application Thread:45] - Publio
2016-03-30 13:55:10,238 [     FreeBookFinder.java:JavaFX Application Thread:85] - 16 typów osobowości w pigułce16 typów osobowości w pigułce
2016-03-30 13:55:10,239 [     FreeBookFinder.java:JavaFX Application Thread:85] - BalladynaBalladyna
2016-03-30 13:55:10,239 [     FreeBookFinder.java:JavaFX Application Thread:85] - Arcydzieła klasyki literaturyArcydzieła klasyki literatury
2016-03-30 13:55:10,239 [     FreeBookFinder.java:JavaFX Application Thread:85] - Bank jako instytucja zaufania pu...Bank jako instytucja zaufania publicznego
2016-03-30 13:55:10,244 [     FreeBookFinder.java:JavaFX Application Thread:85] - Bezpieczeństwo finansowe w banko...Bezpieczeństwo finansowe w bankowości elektronicznej...
2016-03-30 13:55:10,244 [     FreeBookFinder.java:JavaFX Application Thread:85] - Biura usług płatniczych – prawa...Biura usług płatniczych – prawa i obowiązki
2016-03-30 13:55:10,244 [     FreeBookFinder.java:JavaFX Application Thread:85] - Bajki i przypowieściBajki i przypowieści
2016-03-30 13:55:10,245 [     FreeBookFinder.java:JavaFX Application Thread:85] - Ballady i romanseBallady i romanse
2016-03-30 13:55:10,245 [     FreeBookFinder.java:JavaFX Application Thread:85] - Biologia: Biotechnologia. Bioróż...Biologia: Biotechnologia. Bioróżnorodność
2016-03-30 13:55:10,245 [     FreeBookFinder.java:JavaFX Application Thread:85] - Antologia polskiego rapuAntologia polskiego rapu
2016-03-30 13:55:10,245 [     FreeBookFinder.java:JavaFX Application Thread:85] - Blondynka, niebieskie oczyBlondynka, niebieskie oczy
2016-03-30 13:55:10,245 [     FreeBookFinder.java:JavaFX Application Thread:85] - Biblia w 365 dniBiblia w 365 dni
2016-03-30 13:55:10,245 [     FreeBookFinder.java:JavaFX Application Thread:85] - Biskup warmiński Józef Ambroży G...Biskup warmiński Józef Ambroży Geritz (1783–1867)
2016-03-30 13:55:10,245 [     FreeBookFinder.java:JavaFX Application Thread:85] - Carillony i muzyka carillonowa d...Carillony i muzyka carillonowa dawnego Gdańska
2016-03-30 13:55:10,246 [     FreeBookFinder.java:JavaFX Application Thread:85] - AntygonaAntygona
2016-03-30 13:55:10,246 [     FreeBookFinder.java:JavaFX Application Thread:85] - Apologia, czyli Obrona SokratesaApologia, czyli Obrona Sokratesa
2016-03-30 13:55:10,246 [     FreeBookFinder.java:JavaFX Application Thread:85] - Chłopcy: Będziesz to prać!Chłopcy: Będziesz to prać!
2016-03-30 13:55:10,246 [     FreeBookFinder.java:JavaFX Application Thread:85] - Ballada o utraconym domuBallada o utraconym domu
2016-03-30 13:55:10,246 [     FreeBookFinder.java:JavaFX Application Thread:85] - Baśnie i opowieściBaśnie i opowieści
2016-03-30 13:55:10,246 [     FreeBookFinder.java:JavaFX Application Thread:85] - Boska komediaBoska komedia
2016-03-30 13:55:10,246 [     FreeBookParser.java:JavaFX Application Thread:45] - Legimi
2016-03-30 13:55:11,039 [     FreeBookFinder.java:JavaFX Application Thread:85] - 
2016-03-30 13:55:11,039 [     FreeBookFinder.java:JavaFX Application Thread:85] - The Tempest - William Shakespeare - ebook
2016-03-30 13:55:11,039 [     FreeBookFinder.java:JavaFX Application Thread:85] - Przedwiośnie - Stefan Żeromski - ebook
2016-03-30 13:55:11,039 [     FreeBookFinder.java:JavaFX Application Thread:85] - Antony and Cleopatra - William Shakespeare - ebook
2016-03-30 13:55:11,040 [     FreeBookFinder.java:JavaFX Application Thread:85] - Ludzie bezdomni - Stefan Żeromski - ebook
2016-03-30 13:55:11,040 [     FreeBookFinder.java:JavaFX Application Thread:85] - Balladyna - Juliusz Słowacki - ebook
2016-03-30 13:55:11,040 [     FreeBookFinder.java:JavaFX Application Thread:85] - Bezbronna istota - Anton Czechow - ebook
2016-03-30 13:55:11,041 [     FreeBookFinder.java:JavaFX Application Thread:85] - Moralność pani Dulskiej - Gabriela Zapolska - ebook
2016-03-30 13:55:11,041 [     FreeBookFinder.java:JavaFX Application Thread:85] - Cień - Hans Christian Andersen - ebook
2016-03-30 13:55:11,041 [     FreeBookFinder.java:JavaFX Application Thread:85] - 16 typów osobowości w pigułce - Laboratorium Dobrego Życia - ebook
2016-03-30 13:55:11,041 [     FreeBookFinder.java:JavaFX Application Thread:85] - Portret owalny - Edgar Allan Poe - ebook
2016-03-30 13:55:11,041 [     FreeBookFinder.java:JavaFX Application Thread:85] - Aptekarzowa - Anton Czechow - ebook
2016-03-30 13:55:11,042 [     FreeBookFinder.java:JavaFX Application Thread:85] - Sen nocy letniej - William Shakespeare - ebook
2016-03-30 13:55:11,043 [     FreeBookFinder.java:JavaFX Application Thread:85] - Beczka Amontillada - Edgar Allan Poe - ebook
2016-03-30 13:55:11,044 [     FreeBookFinder.java:JavaFX Application Thread:85] - Pan Tadeusz, czyli ostatni zajazd na Litwie - Adam Mickiewicz - ebook
2016-03-30 13:55:11,044 [     FreeBookFinder.java:JavaFX Application Thread:85] - Choinka - Hans Christian Andersen - ebook
2016-03-30 13:55:11,044 [     FreeBookFinder.java:JavaFX Application Thread:85] - Kordian - Juliusz Słowacki - ebook
2016-03-30 13:55:11,044 [     FreeBookFinder.java:JavaFX Application Thread:85] - Calineczka - Hans Christian Andersen - ebook
2016-03-30 13:55:11,046 [     FreeBookFinder.java:JavaFX Application Thread:85] - U króla Olch - Hans Christian Andersen - ebook
2016-03-30 13:55:11,055 [     FreeBookFinder.java:JavaFX Application Thread:85] - Krzyżacy - Henryk Sienkiewicz - ebook
2016-03-30 13:55:11,055 [     FreeBookFinder.java:JavaFX Application Thread:85] - Dziewczynka z zapałkami - Hans Christian Andersen - ebook
2016-03-30 13:55:11,055 [     FreeBookFinder.java:JavaFX Application Thread:85] - Maska śmierci szkarłatnej - Edgar Allan Poe - ebook
2016-03-30 13:55:11,055 [     FreeBookFinder.java:JavaFX Application Thread:85] - Szewcy - Stanisław Ignacy Witkiewicz - ebook
2016-03-30 13:55:11,058 [     FreeBookFinder.java:JavaFX Application Thread:85] - Matka - Hans Christian Andersen - ebook
2016-03-30 13:55:11,058 [     FreeBookFinder.java:JavaFX Application Thread:85] - Zagłada domu Usherów - Edgar Allan Poe - ebook
2016-03-30 13:55:11,059 [     FreeBookFinder.java:JavaFX Application Thread:85] - Wierna rzeka - Stefan Żeromski - ebook
2016-03-30 13:55:11,059 [     FreeBookFinder.java:JavaFX Application Thread:85] - Prawdziwy opis wypadku z p. Waldemarem - Edgar Allan Poe - ebook
2016-03-30 13:55:11,059 [     FreeBookFinder.java:JavaFX Application Thread:85] - Król Dżumiec - Edgar Allan Poe - ebook
2016-03-30 13:55:11,059 [     FreeBookFinder.java:JavaFX Application Thread:85] - Serce oskarżycielem - Edgar Allan Poe - ebook
2016-03-30 13:55:11,060 [     FreeBookFinder.java:JavaFX Application Thread:85] - Nad Niemnem - Eliza Orzeszkowa - ebook
2016-03-30 13:55:11,060 [     FreeBookFinder.java:JavaFX Application Thread:85] - Macbeth - William Shakespeare - ebook
2016-03-30 13:55:11,060 [     FreeBookFinder.java:JavaFX Application Thread:85] - Antygona - Sofokles - ebook
2016-03-30 13:55:11,060 [     FreeBookFinder.java:JavaFX Application Thread:85] - Śmierć urzędnika - Anton Czechow - ebook
2016-03-30 13:55:11,060 [     FreeBookFinder.java:JavaFX Application Thread:85] - Rok 2012. Antologia - Antologia - ebook
2016-03-30 13:55:11,060 [     FreeBookFinder.java:JavaFX Application Thread:85] - Coś - Hans Christian Andersen - ebook
2016-03-30 13:55:11,060 [     FreeBookFinder.java:JavaFX Application Thread:85] - Ogniem i mieczem - Henryk Sienkiewicz - ebook
2016-03-30 13:55:11,061 [     FreeBookFinder.java:JavaFX Application Thread:85] - Giaur - George Gordon Byron - ebook
2016-03-30 13:55:11,061 [     FreeBookFinder.java:JavaFX Application Thread:85] - Chłopi - Władysław Stanisław Reymont - ebook
2016-03-30 13:55:11,061 [     FreeBookFinder.java:JavaFX Application Thread:85] - Diabeł na wieży - Edgar Allan Poe - ebook
2016-03-30 13:55:11,061 [     FreeBookFinder.java:JavaFX Application Thread:85] - Długi język - Anton Czechow - ebook
2016-03-30 13:55:11,061 [     FreeBookFinder.java:JavaFX Application Thread:85] - Czarny kot - Edgar Allan Poe - ebook
2016-03-30 13:55:11,061 [     FreeBookFinder.java:JavaFX Application Thread:85] - Świętoszek - Molière - ebook
2016-03-30 13:55:11,061 [     FreeBookFinder.java:JavaFX Application Thread:85] - Maska - Charles Baudelaire - ebook
2016-03-30 13:55:11,062 [     FreeBookFinder.java:JavaFX Application Thread:85] - Brzydkie kaczątko - Hans Christian Andersen - ebook
2016-03-30 13:55:11,062 [     FreeBookFinder.java:JavaFX Application Thread:85] - Robinson Crusoe - Daniel Defoe - ebook
2016-03-30 13:55:11,062 [     FreeBookFinder.java:JavaFX Application Thread:85] - Potop - Henryk Sienkiewicz - ebook
2016-03-30 13:55:11,062 [     FreeBookFinder.java:JavaFX Application Thread:85] - Lord Jim - Joseph Conrad - ebook
2016-03-30 13:55:11,062 [     FreeBookFinder.java:JavaFX Application Thread:85] - Wesele - Stanisław Wyspiański - ebook
2016-03-30 13:55:11,062 [     FreeBookFinder.java:JavaFX Application Thread:85] - Księga dżungli - Rudyard Kipling - ebook
2016-03-30 13:55:11,062 [     FreeBookFinder.java:JavaFX Application Thread:85] - The Art of War - Sun Tzu - ebook
2016-03-30 13:55:11,062 [     FreeBookFinder.java:JavaFX Application Thread:85] - Berenice - Edgar Allan Poe - ebook
2016-03-30 13:55:11,062 [     FreeBookFinder.java:JavaFX Application Thread:85] - Krasnoludek - Hans Christian Andersen - ebook
2016-03-30 13:55:11,063 [     FreeBookFinder.java:JavaFX Application Thread:85] - Królowa śniegu - Hans Christian Andersen - ebook
2016-03-30 13:55:11,063 [     FreeBookFinder.java:JavaFX Application Thread:85] - Nie-Boska komedia - Zygmunt Krasiński - ebook
2016-03-30 13:55:11,065 [     FreeBookFinder.java:JavaFX Application Thread:85] - Lalka - Bolesław Prus - ebook
2016-03-30 13:55:11,065 [     FreeBookFinder.java:JavaFX Application Thread:85] - Romeo i Julia - William Shakespeare - ebook
2016-03-30 13:55:11,065 [     FreeBookFinder.java:JavaFX Application Thread:85] - Othello - William Shakespeare - ebook
2016-03-30 13:55:11,065 [     FreeBookFinder.java:JavaFX Application Thread:85] - Zły mnich - Charles Baudelaire - ebook
2016-03-30 13:55:11,065 [     FreeBookFinder.java:JavaFX Application Thread:85] - Bąk i piłka - Hans Christian Andersen - ebook
2016-03-30 13:55:11,068 [     FreeBookFinder.java:JavaFX Application Thread:85] - Córa Albionu - Anton Czechow - ebook
2016-03-30 13:55:11,068 [     FreeBookFinder.java:JavaFX Application Thread:85] - Ojciec Goriot - Honoré de Balzac - ebook
2016-03-30 13:55:11,068 [     FreeBookFinder.java:JavaFX Application Thread:85] - Fraszki - Jan Kochanowski - ebook
2016-03-30 13:55:11,068 [     FreeBookFinder.java:JavaFX Application Thread:85] - Hop-frog - Edgar Allan Poe - ebook
2016-03-30 13:55:11,068 [     FreeBookFinder.java:JavaFX Application Thread:85] - Damy - Anton Czechow - ebook
2016-03-30 13:55:11,068 [     FreeBookFinder.java:JavaFX Application Thread:85] - The Memoirs of Sherlock Holmes - Arthur Conan Doyle - ebook
2016-03-30 13:55:11,069 [     FreeBookFinder.java:JavaFX Application Thread:85] - Syrena - Anton Czechow - ebook
2016-03-30 13:55:11,069 [     FreeBookFinder.java:JavaFX Application Thread:85] - Słodko Gorzko. Opowiadania o miłości - Antologia - ebook
2016-03-30 13:55:11,069 [     FreeBookFinder.java:JavaFX Application Thread:85] - Studnia i wahadło - Edgar Allan Poe - ebook
2016-03-30 13:55:11,069 [     FreeBookFinder.java:JavaFX Application Thread:85] - Słowik - Hans Christian Andersen - ebook
2016-03-30 13:55:11,069 [     FreeBookFinder.java:JavaFX Application Thread:85] - Dream Psychology - Sigmund Freud - ebook
2016-03-30 13:55:11,069 [     FreeBookFinder.java:JavaFX Application Thread:85] - Hamlet - William Shakespeare - ebook
2016-03-30 13:55:11,069 [     FreeBookFinder.java:JavaFX Application Thread:85] - Cierpienia młodego Wertera - Johann Wolfgang von Goethe - ebook
2016-03-30 13:55:11,069 [     FreeBookFinder.java:JavaFX Application Thread:85] - Dziady - Adam Mickiewicz - ebook
2016-03-30 13:55:11,069 [     FreeBookFinder.java:JavaFX Application Thread:85] - Rękopis znaleziony w butli - Edgar Allan Poe - ebook
2016-03-30 13:55:11,069 [     FreeBookFinder.java:JavaFX Application Thread:85] - William Wilson - Edgar Allan Poe - ebook
2016-03-30 13:55:11,070 [     FreeBookParser.java:JavaFX Application Thread:45] - Upoluj Ebooka
2016-03-30 13:55:11,306 [     FreeBookFinder.java:JavaFX Application Thread:85] - Sonet III (Do Naświętszej Panny)
2016-03-30 13:55:11,307 [     FreeBookFinder.java:JavaFX Application Thread:85] - Pamiętnik egotysty
2016-03-30 13:55:11,307 [     FreeBookFinder.java:JavaFX Application Thread:85] - Na poddaszu
2016-03-30 13:55:11,307 [     FreeBookFinder.java:JavaFX Application Thread:85] - Muza z zaścianka
2016-03-30 13:55:11,307 [     FreeBookFinder.java:JavaFX Application Thread:85] - Na starość
2016-03-30 13:55:11,308 [     FreeBookFinder.java:JavaFX Application Thread:85] - Wino gałganiarza
2016-03-30 13:55:11,308 [     FreeBookFinder.java:JavaFX Application Thread:85] - Victoria
2016-03-30 13:55:11,308 [     FreeBookFinder.java:JavaFX Application Thread:85] - Nadzieja i bojaźń
2016-03-30 13:55:11,309 [     FreeBookFinder.java:JavaFX Application Thread:85] - Asyż
2016-03-30 13:55:11,309 [     FreeBookFinder.java:JavaFX Application Thread:85] - [Na bis]
2016-03-30 13:55:11,310 [     FreeBookFinder.java:JavaFX Application Thread:85] - Wszechmocny Bóg
2016-03-30 13:55:11,310 [     FreeBookFinder.java:JavaFX Application Thread:85] - Dorocie z Michowa, żenie jego (Nie chciałam cię, mężu mój, zostać, twoja żona...)
2016-03-30 13:55:11,310 [     FreeBookFinder.java:JavaFX Application Thread:85] - Sukienka balowa
2016-03-30 13:55:11,310 [     FreeBookFinder.java:JavaFX Application Thread:85] - Spowiedź poety
2016-03-30 13:55:11,310 [     FreeBookFinder.java:JavaFX Application Thread:85] - I (Chaty rzędem na piaszczystych wzgórkach...)
2016-03-30 13:55:11,311 [     FreeBookFinder.java:JavaFX Application Thread:85] - Do Jędrzeja (A cóż radzisz, Jędrzeju? Wszak mogę w twe uszy...)
2016-03-30 13:55:11,312 [     FreeBookFinder.java:JavaFX Application Thread:85] - Do swych rymów
2016-03-30 13:55:11,319 [     FreeBookFinder.java:JavaFX Application Thread:85] - O swych rymiech
2016-03-30 13:55:11,319 [     FreeBookFinder.java:JavaFX Application Thread:85] - Na Leliwę Tarnowskich
2016-03-30 13:55:11,319 [     FreeBookFinder.java:JavaFX Application Thread:85] - Krysia bezimienna
2016-03-30 13:55:11,319 [     FreeBookFinder.java:JavaFX Application Thread:85] - Przekrój fantastyczny
2016-03-30 13:55:11,319 [     FreeBookFinder.java:JavaFX Application Thread:85] - Betleem
2016-03-30 13:55:11,319 [     FreeBookFinder.java:JavaFX Application Thread:85] - Oda IV
2016-03-30 13:55:11,319 [     FreeBookFinder.java:JavaFX Application Thread:85] - Trupy z kawiorem
2016-03-30 13:55:11,319 [     FreeBookParser.java:JavaFX Application Thread:45] - Default Bookstore 1
2016-03-30 13:55:11,517 [     FreeBookFinder.java:JavaFX Application Thread:85] - Sonet III (Do Naświętszej Panny)
2016-03-30 13:55:11,518 [     FreeBookFinder.java:JavaFX Application Thread:85] - Pamiętnik egotysty
2016-03-30 13:55:11,525 [     FreeBookFinder.java:JavaFX Application Thread:85] - Na poddaszu
2016-03-30 13:55:11,525 [     FreeBookFinder.java:JavaFX Application Thread:85] - Muza z zaścianka
2016-03-30 13:55:11,525 [     FreeBookFinder.java:JavaFX Application Thread:85] - Na starość
2016-03-30 13:55:11,525 [     FreeBookFinder.java:JavaFX Application Thread:85] - Wino gałganiarza
2016-03-30 13:55:11,525 [     FreeBookFinder.java:JavaFX Application Thread:85] - Victoria
2016-03-30 13:55:11,525 [     FreeBookFinder.java:JavaFX Application Thread:85] - Nadzieja i bojaźń
2016-03-30 13:55:11,526 [     FreeBookFinder.java:JavaFX Application Thread:85] - Asyż
2016-03-30 13:55:11,526 [     FreeBookFinder.java:JavaFX Application Thread:85] - [Na bis]
2016-03-30 13:55:11,526 [     FreeBookFinder.java:JavaFX Application Thread:85] - Wszechmocny Bóg
2016-03-30 13:55:11,526 [     FreeBookFinder.java:JavaFX Application Thread:85] - Dorocie z Michowa, żenie jego (Nie chciałam cię, mężu mój, zostać, twoja żona...)
2016-03-30 13:55:11,526 [     FreeBookFinder.java:JavaFX Application Thread:85] - Sukienka balowa
2016-03-30 13:55:11,526 [     FreeBookFinder.java:JavaFX Application Thread:85] - Spowiedź poety
2016-03-30 13:55:11,526 [     FreeBookFinder.java:JavaFX Application Thread:85] - I (Chaty rzędem na piaszczystych wzgórkach...)
2016-03-30 13:55:11,526 [     FreeBookFinder.java:JavaFX Application Thread:85] - Do Jędrzeja (A cóż radzisz, Jędrzeju? Wszak mogę w twe uszy...)
2016-03-30 13:55:11,528 [     FreeBookFinder.java:JavaFX Application Thread:85] - Do swych rymów
2016-03-30 13:55:11,540 [     FreeBookFinder.java:JavaFX Application Thread:85] - O swych rymiech
2016-03-30 13:55:11,541 [     FreeBookFinder.java:JavaFX Application Thread:85] - Na Leliwę Tarnowskich
2016-03-30 13:55:11,541 [     FreeBookFinder.java:JavaFX Application Thread:85] - Krysia bezimienna
2016-03-30 13:55:11,545 [     FreeBookFinder.java:JavaFX Application Thread:85] - Przekrój fantastyczny
2016-03-30 13:55:11,546 [     FreeBookFinder.java:JavaFX Application Thread:85] - Betleem
2016-03-30 13:55:11,546 [     FreeBookFinder.java:JavaFX Application Thread:85] - Oda IV
2016-03-30 13:55:11,546 [     FreeBookFinder.java:JavaFX Application Thread:85] - Trupy z kawiorem
